[36mINFO[0m[2022-09-12T15:15:38+05:30] Listening on :9968                           
[36mINFO[0m[2022-09-12T15:16:09+05:30] [collector="vertica_base_gauges"] Collecting fresh metrics: min_interval=10.000s cache_age=9223372036.855s 
[36mINFO[0m[2022-09-12T15:16:09+05:30] [collector="vertica_base_graphs"] Collecting fresh metrics: min_interval=10.000s cache_age=9223372036.855s 
[36mINFO[0m[2022-09-12T15:16:12+05:30] returned_columns="[down]"collector="vertica_base_gauges", query="vertica_state_not_up_or_standby" 
[36mINFO[0m[2022-09-12T15:16:12+05:30] returned_columns="[node_name total]"collector="vertica_base_graphs", query="vertica_query_requests_transactions_count_per_node" 
[36mINFO[0m[2022-09-12T15:16:12+05:30] returned_columns="[ttldbsz]"collector="vertica_base_gauges", query="vertica_database_size" 
[36mINFO[0m[2022-09-12T15:16:14+05:30] returned_columns="[ttlconns]"collector="vertica_base_gauges", query="vertica_total_database_connections" 
[36mINFO[0m[2022-09-12T15:16:14+05:30] returned_columns="[ttlrows]"collector="vertica_base_gauges", query="vertica_total_database_rows" 
[36mINFO[0m[2022-09-12T15:16:14+05:30] returned_columns="[licsz]"collector="vertica_base_gauges", query="vertica_license_size" 
[36mINFO[0m[2022-09-12T15:16:15+05:30] returned_columns="[node_name totaltrans]"collector="vertica_base_graphs", query="vertica_connections_per_node" 
[36mINFO[0m[2022-09-12T15:16:15+05:30] returned_columns="[node_name avg_cpu_usage_pct avg_mem_usage_pct net_rx_bps net_tx_bps io_read_bps io_write_bps]"collector="vertica_base_graphs", query="vertica_system_resources" 
[36mINFO[0m[2022-09-12T15:16:23+05:30] [collector="vertica_base_gauges"] Collecting fresh metrics: min_interval=10.000s cache_age=14.081s 
[36mINFO[0m[2022-09-12T15:16:23+05:30] [collector="vertica_base_graphs"] Collecting fresh metrics: min_interval=10.000s cache_age=14.081s 
[36mINFO[0m[2022-09-12T15:16:24+05:30] returned_columns="[ttlrows]"collector="vertica_base_gauges", query="vertica_total_database_rows" 
[36mINFO[0m[2022-09-12T15:16:24+05:30] returned_columns="[down]"collector="vertica_base_gauges", query="vertica_state_not_up_or_standby" 
[36mINFO[0m[2022-09-12T15:16:24+05:30] returned_columns="[ttldbsz]"collector="vertica_base_gauges", query="vertica_database_size" 
[36mINFO[0m[2022-09-12T15:16:24+05:30] returned_columns="[node_name totaltrans]"collector="vertica_base_graphs", query="vertica_connections_per_node" 
[36mINFO[0m[2022-09-12T15:16:25+05:30] returned_columns="[licsz]"collector="vertica_base_gauges", query="vertica_license_size" 
[36mINFO[0m[2022-09-12T15:16:25+05:30] returned_columns="[node_name avg_cpu_usage_pct avg_mem_usage_pct net_rx_bps net_tx_bps io_read_bps io_write_bps]"collector="vertica_base_graphs", query="vertica_system_resources" 
[36mINFO[0m[2022-09-12T15:16:25+05:30] returned_columns="[ttlconns]"collector="vertica_base_gauges", query="vertica_total_database_connections" 
[36mINFO[0m[2022-09-12T15:16:26+05:30] returned_columns="[node_name total]"collector="vertica_base_graphs", query="vertica_query_requests_transactions_count_per_node" 
[36mINFO[0m[2022-09-12T15:16:38+05:30] [collector="vertica_base_gauges"] Collecting fresh metrics: min_interval=10.000s cache_age=15.049s 
[36mINFO[0m[2022-09-12T15:16:38+05:30] [collector="vertica_base_graphs"] Collecting fresh metrics: min_interval=10.000s cache_age=15.049s 
[36mINFO[0m[2022-09-12T15:16:39+05:30] returned_columns="[ttlrows]"collector="vertica_base_gauges", query="vertica_total_database_rows" 
[36mINFO[0m[2022-09-12T15:16:39+05:30] returned_columns="[down]"collector="vertica_base_gauges", query="vertica_state_not_up_or_standby" 
[36mINFO[0m[2022-09-12T15:16:39+05:30] returned_columns="[ttldbsz]"collector="vertica_base_gauges", query="vertica_database_size" 
[36mINFO[0m[2022-09-12T15:16:40+05:30] returned_columns="[ttlconns]"collector="vertica_base_gauges", query="vertica_total_database_connections" 
[36mINFO[0m[2022-09-12T15:16:40+05:30] returned_columns="[node_name total]"collector="vertica_base_graphs", query="vertica_query_requests_transactions_count_per_node" 
[36mINFO[0m[2022-09-12T15:16:40+05:30] returned_columns="[node_name totaltrans]"collector="vertica_base_graphs", query="vertica_connections_per_node" 
[36mINFO[0m[2022-09-12T15:16:41+05:30] returned_columns="[licsz]"collector="vertica_base_gauges", query="vertica_license_size" 
[36mINFO[0m[2022-09-12T15:16:42+05:30] returned_columns="[node_name avg_cpu_usage_pct avg_mem_usage_pct net_rx_bps net_tx_bps io_read_bps io_write_bps]"collector="vertica_base_graphs", query="vertica_system_resources" 
[36mINFO[0m[2022-09-12T15:16:53+05:30] [collector="vertica_base_gauges"] Collecting fresh metrics: min_interval=10.000s cache_age=14.951s 
[36mINFO[0m[2022-09-12T15:16:53+05:30] [collector="vertica_base_graphs"] Collecting fresh metrics: min_interval=10.000s cache_age=14.951s 
[36mINFO[0m[2022-09-12T15:16:54+05:30] returned_columns="[down]"collector="vertica_base_gauges", query="vertica_state_not_up_or_standby" 
[36mINFO[0m[2022-09-12T15:16:54+05:30] returned_columns="[ttldbsz]"collector="vertica_base_gauges", query="vertica_database_size" 
[36mINFO[0m[2022-09-12T15:16:55+05:30] returned_columns="[ttlconns]"collector="vertica_base_gauges", query="vertica_total_database_connections" 
[36mINFO[0m[2022-09-12T15:16:55+05:30] returned_columns="[node_name avg_cpu_usage_pct avg_mem_usage_pct net_rx_bps net_tx_bps io_read_bps io_write_bps]"collector="vertica_base_graphs", query="vertica_system_resources" 
[36mINFO[0m[2022-09-12T15:16:55+05:30] returned_columns="[licsz]"collector="vertica_base_gauges", query="vertica_license_size" 
[36mINFO[0m[2022-09-12T15:16:56+05:30] returned_columns="[node_name totaltrans]"collector="vertica_base_graphs", query="vertica_connections_per_node" 
[36mINFO[0m[2022-09-12T15:16:56+05:30] returned_columns="[ttlrows]"collector="vertica_base_gauges", query="vertica_total_database_rows" 
[36mINFO[0m[2022-09-12T15:16:56+05:30] returned_columns="[node_name total]"collector="vertica_base_graphs", query="vertica_query_requests_transactions_count_per_node" 
[36mINFO[0m[2022-09-12T15:17:08+05:30] [collector="vertica_base_gauges"] Collecting fresh metrics: min_interval=10.000s cache_age=15.158s 
[36mINFO[0m[2022-09-12T15:17:08+05:30] [collector="vertica_base_graphs"] Collecting fresh metrics: min_interval=10.000s cache_age=15.158s 
[36mINFO[0m[2022-09-12T15:17:09+05:30] returned_columns="[ttlrows]"collector="vertica_base_gauges", query="vertica_total_database_rows" 
[36mINFO[0m[2022-09-12T15:17:09+05:30] returned_columns="[ttldbsz]"collector="vertica_base_gauges", query="vertica_database_size" 
[36mINFO[0m[2022-09-12T15:17:09+05:30] returned_columns="[down]"collector="vertica_base_gauges", query="vertica_state_not_up_or_standby" 
[36mINFO[0m[2022-09-12T15:17:10+05:30] returned_columns="[licsz]"collector="vertica_base_gauges", query="vertica_license_size" 
[36mINFO[0m[2022-09-12T15:17:10+05:30] returned_columns="[ttlconns]"collector="vertica_base_gauges", query="vertica_total_database_connections" 
[36mINFO[0m[2022-09-12T15:17:10+05:30] returned_columns="[node_name totaltrans]"collector="vertica_base_graphs", query="vertica_connections_per_node" 
[36mINFO[0m[2022-09-12T15:17:11+05:30] returned_columns="[node_name avg_cpu_usage_pct avg_mem_usage_pct net_rx_bps net_tx_bps io_read_bps io_write_bps]"collector="vertica_base_graphs", query="vertica_system_resources" 
[36mINFO[0m[2022-09-12T15:17:11+05:30] returned_columns="[node_name total]"collector="vertica_base_graphs", query="vertica_query_requests_transactions_count_per_node" 
[36mINFO[0m[2022-09-12T15:17:23+05:30] [collector="vertica_base_gauges"] Collecting fresh metrics: min_interval=10.000s cache_age=14.947s 
[36mINFO[0m[2022-09-12T15:17:23+05:30] [collector="vertica_base_graphs"] Collecting fresh metrics: min_interval=10.000s cache_age=14.947s 
[36mINFO[0m[2022-09-12T15:17:24+05:30] returned_columns="[ttlrows]"collector="vertica_base_gauges", query="vertica_total_database_rows" 
[36mINFO[0m[2022-09-12T15:17:24+05:30] returned_columns="[down]"collector="vertica_base_gauges", query="vertica_state_not_up_or_standby" 
[36mINFO[0m[2022-09-12T15:17:24+05:30] returned_columns="[ttldbsz]"collector="vertica_base_gauges", query="vertica_database_size" 
[36mINFO[0m[2022-09-12T15:17:25+05:30] returned_columns="[licsz]"collector="vertica_base_gauges", query="vertica_license_size" 
[36mINFO[0m[2022-09-12T15:17:25+05:30] returned_columns="[ttlconns]"collector="vertica_base_gauges", query="vertica_total_database_connections" 
[36mINFO[0m[2022-09-12T15:17:26+05:30] returned_columns="[node_name avg_cpu_usage_pct avg_mem_usage_pct net_rx_bps net_tx_bps io_read_bps io_write_bps]"collector="vertica_base_graphs", query="vertica_system_resources" 
[36mINFO[0m[2022-09-12T15:17:26+05:30] returned_columns="[node_name total]"collector="vertica_base_graphs", query="vertica_query_requests_transactions_count_per_node" 
[36mINFO[0m[2022-09-12T15:17:26+05:30] returned_columns="[node_name totaltrans]"collector="vertica_base_graphs", query="vertica_connections_per_node" 
[36mINFO[0m[2022-09-12T15:17:38+05:30] [collector="vertica_base_gauges"] Collecting fresh metrics: min_interval=10.000s cache_age=14.799s 
[36mINFO[0m[2022-09-12T15:17:38+05:30] [collector="vertica_base_graphs"] Collecting fresh metrics: min_interval=10.000s cache_age=14.799s 
[36mINFO[0m[2022-09-12T15:17:38+05:30] returned_columns="[ttldbsz]"collector="vertica_base_gauges", query="vertica_database_size" 
[36mINFO[0m[2022-09-12T15:17:38+05:30] returned_columns="[licsz]"collector="vertica_base_gauges", query="vertica_license_size" 
[36mINFO[0m[2022-09-12T15:17:38+05:30] returned_columns="[down]"collector="vertica_base_gauges", query="vertica_state_not_up_or_standby" 
[36mINFO[0m[2022-09-12T15:17:39+05:30] returned_columns="[node_name totaltrans]"collector="vertica_base_graphs", query="vertica_connections_per_node" 
[36mINFO[0m[2022-09-12T15:17:39+05:30] returned_columns="[ttlrows]"collector="vertica_base_gauges", query="vertica_total_database_rows" 
[36mINFO[0m[2022-09-12T15:17:40+05:30] returned_columns="[node_name avg_cpu_usage_pct avg_mem_usage_pct net_rx_bps net_tx_bps io_read_bps io_write_bps]"collector="vertica_base_graphs", query="vertica_system_resources" 
[36mINFO[0m[2022-09-12T15:17:40+05:30] returned_columns="[ttlconns]"collector="vertica_base_gauges", query="vertica_total_database_connections" 
[36mINFO[0m[2022-09-12T15:17:41+05:30] returned_columns="[node_name total]"collector="vertica_base_graphs", query="vertica_query_requests_transactions_count_per_node" 
[36mINFO[0m[2022-09-12T15:17:53+05:30] [collector="vertica_base_gauges"] Collecting fresh metrics: min_interval=10.000s cache_age=15.252s 
[36mINFO[0m[2022-09-12T15:17:53+05:30] [collector="vertica_base_graphs"] Collecting fresh metrics: min_interval=10.000s cache_age=15.252s 
[36mINFO[0m[2022-09-12T15:17:54+05:30] returned_columns="[ttlrows]"collector="vertica_base_gauges", query="vertica_total_database_rows" 
[36mINFO[0m[2022-09-12T15:17:54+05:30] returned_columns="[down]"collector="vertica_base_gauges", query="vertica_state_not_up_or_standby" 
[36mINFO[0m[2022-09-12T15:17:54+05:30] returned_columns="[ttldbsz]"collector="vertica_base_gauges", query="vertica_database_size" 
[36mINFO[0m[2022-09-12T15:17:55+05:30] returned_columns="[licsz]"collector="vertica_base_gauges", query="vertica_license_size" 
[36mINFO[0m[2022-09-12T15:17:55+05:30] returned_columns="[ttlconns]"collector="vertica_base_gauges", query="vertica_total_database_connections" 
[36mINFO[0m[2022-09-12T15:17:55+05:30] returned_columns="[node_name totaltrans]"collector="vertica_base_graphs", query="vertica_connections_per_node" 
[36mINFO[0m[2022-09-12T15:17:56+05:30] returned_columns="[node_name total]"collector="vertica_base_graphs", query="vertica_query_requests_transactions_count_per_node" 
[36mINFO[0m[2022-09-12T15:17:57+05:30] returned_columns="[node_name avg_cpu_usage_pct avg_mem_usage_pct net_rx_bps net_tx_bps io_read_bps io_write_bps]"collector="vertica_base_graphs", query="vertica_system_resources" 
[36mINFO[0m[2022-09-12T15:18:08+05:30] [collector="vertica_base_gauges"] Collecting fresh metrics: min_interval=10.000s cache_age=15.155s 
[36mINFO[0m[2022-09-12T15:18:08+05:30] [collector="vertica_base_graphs"] Collecting fresh metrics: min_interval=10.000s cache_age=15.155s 
[36mINFO[0m[2022-09-12T15:18:09+05:30] returned_columns="[ttlconns]"collector="vertica_base_gauges", query="vertica_total_database_connections" 
[36mINFO[0m[2022-09-12T15:18:09+05:30] returned_columns="[down]"collector="vertica_base_gauges", query="vertica_state_not_up_or_standby" 
[36mINFO[0m[2022-09-12T15:18:09+05:30] returned_columns="[ttldbsz]"collector="vertica_base_gauges", query="vertica_database_size" 
[36mINFO[0m[2022-09-12T15:18:10+05:30] returned_columns="[licsz]"collector="vertica_base_gauges", query="vertica_license_size" 
[36mINFO[0m[2022-09-12T15:18:10+05:30] returned_columns="[ttlrows]"collector="vertica_base_gauges", query="vertica_total_database_rows" 
[36mINFO[0m[2022-09-12T15:18:10+05:30] returned_columns="[node_name totaltrans]"collector="vertica_base_graphs", query="vertica_connections_per_node" 
[36mINFO[0m[2022-09-12T15:18:11+05:30] returned_columns="[node_name total]"collector="vertica_base_graphs", query="vertica_query_requests_transactions_count_per_node" 
[36mINFO[0m[2022-09-12T15:18:12+05:30] returned_columns="[node_name avg_cpu_usage_pct avg_mem_usage_pct net_rx_bps net_tx_bps io_read_bps io_write_bps]"collector="vertica_base_graphs", query="vertica_system_resources" 
[36mINFO[0m[2022-09-12T15:18:23+05:30] [collector="vertica_base_gauges"] Collecting fresh metrics: min_interval=10.000s cache_age=14.813s 
[36mINFO[0m[2022-09-12T15:18:23+05:30] [collector="vertica_base_graphs"] Collecting fresh metrics: min_interval=10.000s cache_age=14.813s 
[36mINFO[0m[2022-09-12T15:18:24+05:30] returned_columns="[ttlrows]"collector="vertica_base_gauges", query="vertica_total_database_rows" 
[36mINFO[0m[2022-09-12T15:18:24+05:30] returned_columns="[ttldbsz]"collector="vertica_base_gauges", query="vertica_database_size" 
[36mINFO[0m[2022-09-12T15:18:25+05:30] returned_columns="[down]"collector="vertica_base_gauges", query="vertica_state_not_up_or_standby" 
[36mINFO[0m[2022-09-12T15:18:25+05:30] returned_columns="[licsz]"collector="vertica_base_gauges", query="vertica_license_size" 
[36mINFO[0m[2022-09-12T15:18:25+05:30] returned_columns="[ttlconns]"collector="vertica_base_gauges", query="vertica_total_database_connections" 
[36mINFO[0m[2022-09-12T15:18:26+05:30] returned_columns="[node_name totaltrans]"collector="vertica_base_graphs", query="vertica_connections_per_node" 
[36mINFO[0m[2022-09-12T15:18:26+05:30] returned_columns="[node_name total]"collector="vertica_base_graphs", query="vertica_query_requests_transactions_count_per_node" 
[36mINFO[0m[2022-09-12T15:18:26+05:30] returned_columns="[node_name avg_cpu_usage_pct avg_mem_usage_pct net_rx_bps net_tx_bps io_read_bps io_write_bps]"collector="vertica_base_graphs", query="vertica_system_resources" 
[36mINFO[0m[2022-09-12T15:18:38+05:30] [collector="vertica_base_gauges"] Collecting fresh metrics: min_interval=10.000s cache_age=15.043s 
[36mINFO[0m[2022-09-12T15:18:38+05:30] [collector="vertica_base_graphs"] Collecting fresh metrics: min_interval=10.000s cache_age=15.043s 
[36mINFO[0m[2022-09-12T15:18:39+05:30] returned_columns="[ttlrows]"collector="vertica_base_gauges", query="vertica_total_database_rows" 
[36mINFO[0m[2022-09-12T15:18:39+05:30] returned_columns="[down]"collector="vertica_base_gauges", query="vertica_state_not_up_or_standby" 
[36mINFO[0m[2022-09-12T15:18:39+05:30] returned_columns="[ttldbsz]"collector="vertica_base_gauges", query="vertica_database_size" 
[36mINFO[0m[2022-09-12T15:18:40+05:30] returned_columns="[node_name totaltrans]"collector="vertica_base_graphs", query="vertica_connections_per_node" 
[36mINFO[0m[2022-09-12T15:18:40+05:30] returned_columns="[ttlconns]"collector="vertica_base_gauges", query="vertica_total_database_connections" 
[36mINFO[0m[2022-09-12T15:18:41+05:30] returned_columns="[node_name avg_cpu_usage_pct avg_mem_usage_pct net_rx_bps net_tx_bps io_read_bps io_write_bps]"collector="vertica_base_graphs", query="vertica_system_resources" 
[36mINFO[0m[2022-09-12T15:18:41+05:30] returned_columns="[licsz]"collector="vertica_base_gauges", query="vertica_license_size" 
[36mINFO[0m[2022-09-12T15:18:41+05:30] returned_columns="[node_name total]"collector="vertica_base_graphs", query="vertica_query_requests_transactions_count_per_node" 
[36mINFO[0m[2022-09-12T15:18:53+05:30] [collector="vertica_base_gauges"] Collecting fresh metrics: min_interval=10.000s cache_age=14.949s 
[36mINFO[0m[2022-09-12T15:18:53+05:30] [collector="vertica_base_graphs"] Collecting fresh metrics: min_interval=10.000s cache_age=14.949s 
[36mINFO[0m[2022-09-12T15:18:54+05:30] returned_columns="[down]"collector="vertica_base_gauges", query="vertica_state_not_up_or_standby" 
[36mINFO[0m[2022-09-12T15:18:54+05:30] returned_columns="[ttlrows]"collector="vertica_base_gauges", query="vertica_total_database_rows" 
[36mINFO[0m[2022-09-12T15:18:54+05:30] returned_columns="[ttldbsz]"collector="vertica_base_gauges", query="vertica_database_size" 
[36mINFO[0m[2022-09-12T15:18:55+05:30] returned_columns="[ttlconns]"collector="vertica_base_gauges", query="vertica_total_database_connections" 
[36mINFO[0m[2022-09-12T15:18:55+05:30] returned_columns="[licsz]"collector="vertica_base_gauges", query="vertica_license_size" 
[36mINFO[0m[2022-09-12T15:18:56+05:30] returned_columns="[node_name avg_cpu_usage_pct avg_mem_usage_pct net_rx_bps net_tx_bps io_read_bps io_write_bps]"collector="vertica_base_graphs", query="vertica_system_resources" 
[36mINFO[0m[2022-09-12T15:18:56+05:30] returned_columns="[node_name totaltrans]"collector="vertica_base_graphs", query="vertica_connections_per_node" 
[36mINFO[0m[2022-09-12T15:18:56+05:30] returned_columns="[node_name total]"collector="vertica_base_graphs", query="vertica_query_requests_transactions_count_per_node" 
[36mINFO[0m[2022-09-12T15:19:08+05:30] [collector="vertica_base_gauges"] Collecting fresh metrics: min_interval=10.000s cache_age=15.053s 
[36mINFO[0m[2022-09-12T15:19:08+05:30] [collector="vertica_base_graphs"] Collecting fresh metrics: min_interval=10.000s cache_age=15.053s 
[36mINFO[0m[2022-09-12T15:19:09+05:30] returned_columns="[ttldbsz]"collector="vertica_base_gauges", query="vertica_database_size" 
[36mINFO[0m[2022-09-12T15:19:09+05:30] returned_columns="[licsz]"collector="vertica_base_gauges", query="vertica_license_size" 
[36mINFO[0m[2022-09-12T15:19:09+05:30] returned_columns="[down]"collector="vertica_base_gauges", query="vertica_state_not_up_or_standby" 
[36mINFO[0m[2022-09-12T15:19:10+05:30] returned_columns="[ttlrows]"collector="vertica_base_gauges", query="vertica_total_database_rows" 
[36mINFO[0m[2022-09-12T15:19:10+05:30] returned_columns="[ttlconns]"collector="vertica_base_gauges", query="vertica_total_database_connections" 
[36mINFO[0m[2022-09-12T15:19:11+05:30] returned_columns="[node_name avg_cpu_usage_pct avg_mem_usage_pct net_rx_bps net_tx_bps io_read_bps io_write_bps]"collector="vertica_base_graphs", query="vertica_system_resources" 
[36mINFO[0m[2022-09-12T15:19:11+05:30] returned_columns="[node_name totaltrans]"collector="vertica_base_graphs", query="vertica_connections_per_node" 
[36mINFO[0m[2022-09-12T15:19:11+05:30] returned_columns="[node_name total]"collector="vertica_base_graphs", query="vertica_query_requests_transactions_count_per_node" 
[36mINFO[0m[2022-09-12T15:19:23+05:30] [collector="vertica_base_gauges"] Collecting fresh metrics: min_interval=10.000s cache_age=14.951s 
[36mINFO[0m[2022-09-12T15:19:23+05:30] [collector="vertica_base_graphs"] Collecting fresh metrics: min_interval=10.000s cache_age=14.951s 
[36mINFO[0m[2022-09-12T15:19:24+05:30] returned_columns="[ttldbsz]"collector="vertica_base_gauges", query="vertica_database_size" 
[36mINFO[0m[2022-09-12T15:19:24+05:30] returned_columns="[down]"collector="vertica_base_gauges", query="vertica_state_not_up_or_standby" 
[36mINFO[0m[2022-09-12T15:19:24+05:30] returned_columns="[ttlrows]"collector="vertica_base_gauges", query="vertica_total_database_rows" 
[36mINFO[0m[2022-09-12T15:19:24+05:30] returned_columns="[licsz]"collector="vertica_base_gauges", query="vertica_license_size" 
[36mINFO[0m[2022-09-12T15:19:24+05:30] returned_columns="[ttlconns]"collector="vertica_base_gauges", query="vertica_total_database_connections" 
[36mINFO[0m[2022-09-12T15:19:25+05:30] returned_columns="[node_name totaltrans]"collector="vertica_base_graphs", query="vertica_connections_per_node" 
[36mINFO[0m[2022-09-12T15:19:25+05:30] returned_columns="[node_name avg_cpu_usage_pct avg_mem_usage_pct net_rx_bps net_tx_bps io_read_bps io_write_bps]"collector="vertica_base_graphs", query="vertica_system_resources" 
[36mINFO[0m[2022-09-12T15:19:25+05:30] returned_columns="[node_name total]"collector="vertica_base_graphs", query="vertica_query_requests_transactions_count_per_node" 
[36mINFO[0m[2022-09-12T15:19:38+05:30] [collector="vertica_base_graphs"] Collecting fresh metrics: min_interval=10.000s cache_age=14.860s 
[36mINFO[0m[2022-09-12T15:19:38+05:30] [collector="vertica_base_gauges"] Collecting fresh metrics: min_interval=10.000s cache_age=14.860s 
[36mINFO[0m[2022-09-12T15:19:39+05:30] returned_columns="[node_name totaltrans]"collector="vertica_base_graphs", query="vertica_connections_per_node" 
[36mINFO[0m[2022-09-12T15:19:39+05:30] returned_columns="[down]"collector="vertica_base_gauges", query="vertica_state_not_up_or_standby" 
[36mINFO[0m[2022-09-12T15:19:40+05:30] returned_columns="[ttldbsz]"collector="vertica_base_gauges", query="vertica_database_size" 
[36mINFO[0m[2022-09-12T15:19:40+05:30] returned_columns="[node_name avg_cpu_usage_pct avg_mem_usage_pct net_rx_bps net_tx_bps io_read_bps io_write_bps]"collector="vertica_base_graphs", query="vertica_system_resources" 
[36mINFO[0m[2022-09-12T15:19:40+05:30] returned_columns="[ttlrows]"collector="vertica_base_gauges", query="vertica_total_database_rows" 
[36mINFO[0m[2022-09-12T15:19:40+05:30] returned_columns="[licsz]"collector="vertica_base_gauges", query="vertica_license_size" 
[36mINFO[0m[2022-09-12T15:19:40+05:30] returned_columns="[ttlconns]"collector="vertica_base_gauges", query="vertica_total_database_connections" 
[36mINFO[0m[2022-09-12T15:19:40+05:30] [collector="vertica_base_gauges"] Returning cached metrics: min_interval=10.000s cache_age=0.656s 
[36mINFO[0m[2022-09-12T15:19:41+05:30] returned_columns="[node_name total]"collector="vertica_base_graphs", query="vertica_query_requests_transactions_count_per_node" 
[36mINFO[0m[2022-09-12T15:19:41+05:30] [collector="vertica_base_graphs"] Returning cached metrics: min_interval=10.000s cache_age=0.656s 
[36mINFO[0m[2022-09-12T15:19:53+05:30] [collector="vertica_base_gauges"] Collecting fresh metrics: min_interval=10.000s cache_age=15.146s 
[36mINFO[0m[2022-09-12T15:19:53+05:30] [collector="vertica_base_graphs"] Collecting fresh metrics: min_interval=10.000s cache_age=15.146s 
[36mINFO[0m[2022-09-12T15:19:54+05:30] returned_columns="[ttlrows]"collector="vertica_base_gauges", query="vertica_total_database_rows" 
[36mINFO[0m[2022-09-12T15:19:54+05:30] returned_columns="[down]"collector="vertica_base_gauges", query="vertica_state_not_up_or_standby" 
[36mINFO[0m[2022-09-12T15:19:54+05:30] returned_columns="[ttldbsz]"collector="vertica_base_gauges", query="vertica_database_size" 
[36mINFO[0m[2022-09-12T15:19:55+05:30] returned_columns="[licsz]"collector="vertica_base_gauges", query="vertica_license_size" 
[36mINFO[0m[2022-09-12T15:19:55+05:30] returned_columns="[ttlconns]"collector="vertica_base_gauges", query="vertica_total_database_connections" 
[36mINFO[0m[2022-09-12T15:19:56+05:30] returned_columns="[node_name avg_cpu_usage_pct avg_mem_usage_pct net_rx_bps net_tx_bps io_read_bps io_write_bps]"collector="vertica_base_graphs", query="vertica_system_resources" 
[36mINFO[0m[2022-09-12T15:19:56+05:30] returned_columns="[node_name totaltrans]"collector="vertica_base_graphs", query="vertica_connections_per_node" 
[36mINFO[0m[2022-09-12T15:19:56+05:30] returned_columns="[node_name total]"collector="vertica_base_graphs", query="vertica_query_requests_transactions_count_per_node" 
[36mINFO[0m[2022-09-12T15:20:08+05:30] [collector="vertica_base_gauges"] Collecting fresh metrics: min_interval=10.000s cache_age=14.949s 
[36mINFO[0m[2022-09-12T15:20:08+05:30] [collector="vertica_base_graphs"] Collecting fresh metrics: min_interval=10.000s cache_age=14.949s 
[36mINFO[0m[2022-09-12T15:20:09+05:30] returned_columns="[licsz]"collector="vertica_base_gauges", query="vertica_license_size" 
[36mINFO[0m[2022-09-12T15:20:09+05:30] returned_columns="[down]"collector="vertica_base_gauges", query="vertica_state_not_up_or_standby" 
[36mINFO[0m[2022-09-12T15:20:09+05:30] returned_columns="[ttlrows]"collector="vertica_base_gauges", query="vertica_total_database_rows" 
[36mINFO[0m[2022-09-12T15:20:10+05:30] returned_columns="[ttldbsz]"collector="vertica_base_gauges", query="vertica_database_size" 
[36mINFO[0m[2022-09-12T15:20:10+05:30] returned_columns="[ttlconns]"collector="vertica_base_gauges", query="vertica_total_database_connections" 
[36mINFO[0m[2022-09-12T15:20:10+05:30] returned_columns="[node_name avg_cpu_usage_pct avg_mem_usage_pct net_rx_bps net_tx_bps io_read_bps io_write_bps]"collector="vertica_base_graphs", query="vertica_system_resources" 
[36mINFO[0m[2022-09-12T15:20:10+05:30] returned_columns="[node_name totaltrans]"collector="vertica_base_graphs", query="vertica_connections_per_node" 
[36mINFO[0m[2022-09-12T15:20:11+05:30] returned_columns="[node_name total]"collector="vertica_base_graphs", query="vertica_query_requests_transactions_count_per_node" 
[36mINFO[0m[2022-09-12T15:20:23+05:30] [collector="vertica_base_gauges"] Collecting fresh metrics: min_interval=10.000s cache_age=15.056s 
[36mINFO[0m[2022-09-12T15:20:23+05:30] [collector="vertica_base_graphs"] Collecting fresh metrics: min_interval=10.000s cache_age=15.056s 
[36mINFO[0m[2022-09-12T15:20:24+05:30] returned_columns="[licsz]"collector="vertica_base_gauges", query="vertica_license_size" 
[36mINFO[0m[2022-09-12T15:20:24+05:30] returned_columns="[ttldbsz]"collector="vertica_base_gauges", query="vertica_database_size" 
[36mINFO[0m[2022-09-12T15:20:24+05:30] returned_columns="[down]"collector="vertica_base_gauges", query="vertica_state_not_up_or_standby" 
[36mINFO[0m[2022-09-12T15:20:24+05:30] returned_columns="[ttlrows]"collector="vertica_base_gauges", query="vertica_total_database_rows" 
[36mINFO[0m[2022-09-12T15:20:24+05:30] returned_columns="[ttlconns]"collector="vertica_base_gauges", query="vertica_total_database_connections" 
[36mINFO[0m[2022-09-12T15:20:25+05:30] returned_columns="[node_name total]"collector="vertica_base_graphs", query="vertica_query_requests_transactions_count_per_node" 
[36mINFO[0m[2022-09-12T15:20:25+05:30] returned_columns="[node_name totaltrans]"collector="vertica_base_graphs", query="vertica_connections_per_node" 
[36mINFO[0m[2022-09-12T15:20:26+05:30] returned_columns="[node_name avg_cpu_usage_pct avg_mem_usage_pct net_rx_bps net_tx_bps io_read_bps io_write_bps]"collector="vertica_base_graphs", query="vertica_system_resources" 
[36mINFO[0m[2022-09-12T15:20:38+05:30] [collector="vertica_base_gauges"] Collecting fresh metrics: min_interval=10.000s cache_age=14.782s 
[36mINFO[0m[2022-09-12T15:20:38+05:30] [collector="vertica_base_graphs"] Collecting fresh metrics: min_interval=10.000s cache_age=14.782s 
[36mINFO[0m[2022-09-12T15:20:38+05:30] returned_columns="[down]"collector="vertica_base_gauges", query="vertica_state_not_up_or_standby" 
[36mINFO[0m[2022-09-12T15:20:38+05:30] returned_columns="[ttldbsz]"collector="vertica_base_gauges", query="vertica_database_size" 
[36mINFO[0m[2022-09-12T15:20:38+05:30] returned_columns="[ttlrows]"collector="vertica_base_gauges", query="vertica_total_database_rows" 
[36mINFO[0m[2022-09-12T15:20:39+05:30] returned_columns="[node_name totaltrans]"collector="vertica_base_graphs", query="vertica_connections_per_node" 
[36mINFO[0m[2022-09-12T15:20:39+05:30] returned_columns="[licsz]"collector="vertica_base_gauges", query="vertica_license_size" 
[36mINFO[0m[2022-09-12T15:20:40+05:30] returned_columns="[node_name total]"collector="vertica_base_graphs", query="vertica_query_requests_transactions_count_per_node" 
[36mINFO[0m[2022-09-12T15:20:40+05:30] returned_columns="[ttlconns]"collector="vertica_base_gauges", query="vertica_total_database_connections" 
[36mINFO[0m[2022-09-12T15:20:41+05:30] returned_columns="[node_name avg_cpu_usage_pct avg_mem_usage_pct net_rx_bps net_tx_bps io_read_bps io_write_bps]"collector="vertica_base_graphs", query="vertica_system_resources" 
[36mINFO[0m[2022-09-12T15:42:54+05:30] Listening on :9968                           
[31mFATA[0m[2022-09-12T15:42:54+05:30] listen tcp :9968: bind: address already in use 
[36mINFO[0m[2022-09-12T15:44:00+05:30] Listening on :9968                           
[36mINFO[0m[2022-09-12T15:44:59+05:30] Listening on :9968                           
[36mINFO[0m[2022-09-12T15:45:07+05:30] Database handle successfully opened with 'vertica' driver 
[36mINFO[0m[2022-09-12T15:45:09+05:30] [collector="vertica_base_gauges"] Collecting fresh metrics: min_interval=10.000s cache_age=9223372036.855s 
[36mINFO[0m[2022-09-12T15:45:09+05:30] [collector="vertica_base_graphs"] Collecting fresh metrics: min_interval=10.000s cache_age=9223372036.855s 
[36mINFO[0m[2022-09-12T15:45:12+05:30] returned_columns="[ttlrows]"collector="vertica_base_gauges", query="vertica_total_database_rows" 
[36mINFO[0m[2022-09-12T15:45:13+05:30] returned_columns="[licsz]"collector="vertica_base_gauges", query="vertica_license_size" 
[36mINFO[0m[2022-09-12T15:45:13+05:30] returned_columns="[ttldbsz]"collector="vertica_base_gauges", query="vertica_database_size" 
[36mINFO[0m[2022-09-12T15:45:14+05:30] returned_columns="[node_name total]"collector="vertica_base_graphs", query="vertica_query_requests_transactions_count_per_node" 
[36mINFO[0m[2022-09-12T15:45:14+05:30] returned_columns="[ttlconns]"collector="vertica_base_gauges", query="vertica_total_database_connections" 
[36mINFO[0m[2022-09-12T15:45:15+05:30] returned_columns="[down]"collector="vertica_base_gauges", query="vertica_state_not_up_or_standby" 
[36mINFO[0m[2022-09-12T15:45:15+05:30] returned_columns="[node_name totaltrans]"collector="vertica_base_graphs", query="vertica_connections_per_node" 
[36mINFO[0m[2022-09-12T15:45:16+05:30] Error gathering metrics:%!(EXTRA *errors.errorString=[from Gatherer #1] [collector="vertica_base_graphs", query="vertica_system_resources"] context deadline exceeded) 
[36mINFO[0m[2022-09-12T15:45:23+05:30] [collector="vertica_base_gauges"] Collecting fresh metrics: min_interval=10.000s cache_age=13.926s 
[36mINFO[0m[2022-09-12T15:45:23+05:30] [collector="vertica_base_graphs"] Collecting fresh metrics: min_interval=10.000s cache_age=13.926s 
[36mINFO[0m[2022-09-12T15:45:24+05:30] returned_columns="[licsz]"collector="vertica_base_gauges", query="vertica_license_size" 
[36mINFO[0m[2022-09-12T15:45:24+05:30] returned_columns="[ttlrows]"collector="vertica_base_gauges", query="vertica_total_database_rows" 
[36mINFO[0m[2022-09-12T15:45:24+05:30] returned_columns="[ttlconns]"collector="vertica_base_gauges", query="vertica_total_database_connections" 
[36mINFO[0m[2022-09-12T15:45:25+05:30] returned_columns="[node_name totaltrans]"collector="vertica_base_graphs", query="vertica_connections_per_node" 
[36mINFO[0m[2022-09-12T15:45:25+05:30] returned_columns="[node_name total]"collector="vertica_base_graphs", query="vertica_query_requests_transactions_count_per_node" 
[36mINFO[0m[2022-09-12T15:45:26+05:30] returned_columns="[node_name avg_cpu_usage_pct avg_mem_usage_pct net_rx_bps net_tx_bps io_read_bps io_write_bps]"collector="vertica_base_graphs", query="vertica_system_resources" 
[36mINFO[0m[2022-09-12T15:45:26+05:30] returned_columns="[ttldbsz]"collector="vertica_base_gauges", query="vertica_database_size" 
[36mINFO[0m[2022-09-12T15:45:26+05:30] returned_columns="[down]"collector="vertica_base_gauges", query="vertica_state_not_up_or_standby" 
[36mINFO[0m[2022-09-12T15:45:38+05:30] [collector="vertica_base_gauges"] Collecting fresh metrics: min_interval=10.000s cache_age=14.957s 
[36mINFO[0m[2022-09-12T15:45:38+05:30] [collector="vertica_base_graphs"] Collecting fresh metrics: min_interval=10.000s cache_age=14.957s 
[36mINFO[0m[2022-09-12T15:45:39+05:30] returned_columns="[down]"collector="vertica_base_gauges", query="vertica_state_not_up_or_standby" 
[36mINFO[0m[2022-09-12T15:45:39+05:30] returned_columns="[licsz]"collector="vertica_base_gauges", query="vertica_license_size" 
[36mINFO[0m[2022-09-12T15:45:39+05:30] returned_columns="[ttlrows]"collector="vertica_base_gauges", query="vertica_total_database_rows" 
[36mINFO[0m[2022-09-12T15:45:40+05:30] returned_columns="[ttlconns]"collector="vertica_base_gauges", query="vertica_total_database_connections" 
[36mINFO[0m[2022-09-12T15:45:40+05:30] returned_columns="[ttldbsz]"collector="vertica_base_gauges", query="vertica_database_size" 
[36mINFO[0m[2022-09-12T15:45:40+05:30] returned_columns="[node_name avg_cpu_usage_pct avg_mem_usage_pct net_rx_bps net_tx_bps io_read_bps io_write_bps]"collector="vertica_base_graphs", query="vertica_system_resources" 
[36mINFO[0m[2022-09-12T15:45:41+05:30] returned_columns="[node_name totaltrans]"collector="vertica_base_graphs", query="vertica_connections_per_node" 
[36mINFO[0m[2022-09-12T15:45:41+05:30] returned_columns="[node_name total]"collector="vertica_base_graphs", query="vertica_query_requests_transactions_count_per_node" 
[36mINFO[0m[2022-09-12T15:45:53+05:30] [collector="vertica_base_gauges"] Collecting fresh metrics: min_interval=10.000s cache_age=15.047s 
[36mINFO[0m[2022-09-12T15:45:53+05:30] [collector="vertica_base_graphs"] Collecting fresh metrics: min_interval=10.000s cache_age=15.047s 
[36mINFO[0m[2022-09-12T15:45:54+05:30] returned_columns="[down]"collector="vertica_base_gauges", query="vertica_state_not_up_or_standby" 
[36mINFO[0m[2022-09-12T15:45:54+05:30] returned_columns="[ttlrows]"collector="vertica_base_gauges", query="vertica_total_database_rows" 
[36mINFO[0m[2022-09-12T15:45:54+05:30] returned_columns="[ttlconns]"collector="vertica_base_gauges", query="vertica_total_database_connections" 
[36mINFO[0m[2022-09-12T15:45:55+05:30] returned_columns="[ttldbsz]"collector="vertica_base_gauges", query="vertica_database_size" 
[36mINFO[0m[2022-09-12T15:45:55+05:30] returned_columns="[node_name total]"collector="vertica_base_graphs", query="vertica_query_requests_transactions_count_per_node" 
[36mINFO[0m[2022-09-12T15:45:55+05:30] returned_columns="[node_name totaltrans]"collector="vertica_base_graphs", query="vertica_connections_per_node" 
[36mINFO[0m[2022-09-12T15:45:56+05:30] returned_columns="[licsz]"collector="vertica_base_gauges", query="vertica_license_size" 
[36mINFO[0m[2022-09-12T15:45:57+05:30] returned_columns="[node_name avg_cpu_usage_pct avg_mem_usage_pct net_rx_bps net_tx_bps io_read_bps io_write_bps]"collector="vertica_base_graphs", query="vertica_system_resources" 
[36mINFO[0m[2022-09-12T15:46:08+05:30] [collector="vertica_base_gauges"] Collecting fresh metrics: min_interval=10.000s cache_age=14.952s 
[36mINFO[0m[2022-09-12T15:46:08+05:30] [collector="vertica_base_graphs"] Collecting fresh metrics: min_interval=10.000s cache_age=14.952s 
[36mINFO[0m[2022-09-12T15:46:09+05:30] returned_columns="[ttlconns]"collector="vertica_base_gauges", query="vertica_total_database_connections" 
[36mINFO[0m[2022-09-12T15:46:09+05:30] returned_columns="[down]"collector="vertica_base_gauges", query="vertica_state_not_up_or_standby" 
[36mINFO[0m[2022-09-12T15:46:09+05:30] returned_columns="[ttlrows]"collector="vertica_base_gauges", query="vertica_total_database_rows" 
[36mINFO[0m[2022-09-12T15:46:10+05:30] returned_columns="[licsz]"collector="vertica_base_gauges", query="vertica_license_size" 
[36mINFO[0m[2022-09-12T15:46:10+05:30] returned_columns="[node_name totaltrans]"collector="vertica_base_graphs", query="vertica_connections_per_node" 
[36mINFO[0m[2022-09-12T15:46:10+05:30] returned_columns="[node_name total]"collector="vertica_base_graphs", query="vertica_query_requests_transactions_count_per_node" 
[36mINFO[0m[2022-09-12T15:46:10+05:30] returned_columns="[ttldbsz]"collector="vertica_base_gauges", query="vertica_database_size" 
[36mINFO[0m[2022-09-12T15:46:11+05:30] returned_columns="[node_name avg_cpu_usage_pct avg_mem_usage_pct net_rx_bps net_tx_bps io_read_bps io_write_bps]"collector="vertica_base_graphs", query="vertica_system_resources" 
[36mINFO[0m[2022-09-12T15:46:23+05:30] [collector="vertica_base_gauges"] Collecting fresh metrics: min_interval=10.000s cache_age=15.053s 
[36mINFO[0m[2022-09-12T15:46:23+05:30] [collector="vertica_base_graphs"] Collecting fresh metrics: min_interval=10.000s cache_age=15.053s 
[36mINFO[0m[2022-09-12T15:46:24+05:30] returned_columns="[down]"collector="vertica_base_gauges", query="vertica_state_not_up_or_standby" 
[36mINFO[0m[2022-09-12T15:46:24+05:30] returned_columns="[ttlrows]"collector="vertica_base_gauges", query="vertica_total_database_rows" 
[36mINFO[0m[2022-09-12T15:46:24+05:30] returned_columns="[licsz]"collector="vertica_base_gauges", query="vertica_license_size" 
[36mINFO[0m[2022-09-12T15:46:25+05:30] returned_columns="[ttldbsz]"collector="vertica_base_gauges", query="vertica_database_size" 
[36mINFO[0m[2022-09-12T15:46:25+05:30] returned_columns="[ttlconns]"collector="vertica_base_gauges", query="vertica_total_database_connections" 
[36mINFO[0m[2022-09-12T15:46:26+05:30] returned_columns="[node_name totaltrans]"collector="vertica_base_graphs", query="vertica_connections_per_node" 
[36mINFO[0m[2022-09-12T15:46:26+05:30] returned_columns="[node_name avg_cpu_usage_pct avg_mem_usage_pct net_rx_bps net_tx_bps io_read_bps io_write_bps]"collector="vertica_base_graphs", query="vertica_system_resources" 
[36mINFO[0m[2022-09-12T15:46:26+05:30] returned_columns="[node_name total]"collector="vertica_base_graphs", query="vertica_query_requests_transactions_count_per_node" 
[36mINFO[0m[2022-09-12T15:46:46+05:30] Error gathering metrics:%!(EXTRA *errors.errorString=[from Gatherer #1] context deadline exceeded) 
[36mINFO[0m[2022-09-12T15:47:01+05:30] Error gathering metrics:%!(EXTRA *errors.errorString=[from Gatherer #1] context deadline exceeded) 
[36mINFO[0m[2022-09-12T15:47:16+05:30] Error gathering metrics:%!(EXTRA *errors.errorString=[from Gatherer #1] context deadline exceeded) 
[36mINFO[0m[2022-09-12T15:47:31+05:30] Error gathering metrics:%!(EXTRA *errors.errorString=[from Gatherer #1] context deadline exceeded) 
[36mINFO[0m[2022-09-12T15:47:46+05:30] Error gathering metrics:%!(EXTRA *errors.errorString=[from Gatherer #1] context deadline exceeded) 
[36mINFO[0m[2022-09-12T15:48:01+05:30] Error gathering metrics:%!(EXTRA *errors.errorString=[from Gatherer #1] context deadline exceeded) 
[36mINFO[0m[2022-09-12T15:48:16+05:30] Error gathering metrics:%!(EXTRA *errors.errorString=[from Gatherer #1] context deadline exceeded) 
[36mINFO[0m[2022-09-12T15:48:31+05:30] Error gathering metrics:%!(EXTRA *errors.errorString=[from Gatherer #1] context deadline exceeded) 
[36mINFO[0m[2022-09-12T15:48:46+05:30] Error gathering metrics:%!(EXTRA *errors.errorString=[from Gatherer #1] context deadline exceeded) 
[36mINFO[0m[2022-09-12T15:51:46+05:30] Listening on :9968                           
[36mINFO[0m[2022-09-12T15:52:01+05:30] Error gathering metrics:%!(EXTRA *errors.errorString=[from Gatherer #1] context deadline exceeded) 
[36mINFO[0m[2022-09-12T15:52:16+05:30] Error gathering metrics:%!(EXTRA *errors.errorString=[from Gatherer #1] context deadline exceeded) 
[36mINFO[0m[2022-09-12T15:52:31+05:30] Error gathering metrics:%!(EXTRA *errors.errorString=[from Gatherer #1] context deadline exceeded) 
[36mINFO[0m[2022-09-12T15:52:46+05:30] Error gathering metrics:%!(EXTRA *errors.errorString=[from Gatherer #1] context deadline exceeded) 
[36mINFO[0m[2022-09-12T15:53:01+05:30] Error gathering metrics:%!(EXTRA *errors.errorString=[from Gatherer #1] context deadline exceeded) 
[36mINFO[0m[2022-09-12T15:53:16+05:30] Error gathering metrics:%!(EXTRA *errors.errorString=[from Gatherer #1] context deadline exceeded) 
[36mINFO[0m[2022-09-12T15:53:31+05:30] Error gathering metrics:%!(EXTRA *errors.errorString=[from Gatherer #1] context deadline exceeded) 
[36mINFO[0m[2022-09-12T15:53:46+05:30] Error gathering metrics:%!(EXTRA *errors.errorString=[from Gatherer #1] context deadline exceeded) 
[36mINFO[0m[2022-09-12T15:54:01+05:30] Error gathering metrics:%!(EXTRA *errors.errorString=[from Gatherer #1] context deadline exceeded) 
[36mINFO[0m[2022-09-12T15:54:16+05:30] Error gathering metrics:%!(EXTRA *errors.errorString=[from Gatherer #1] context deadline exceeded) 
[36mINFO[0m[2022-09-12T15:54:31+05:30] Error gathering metrics:%!(EXTRA *errors.errorString=[from Gatherer #1] context deadline exceeded) 
[36mINFO[0m[2022-09-12T15:54:46+05:30] Error gathering metrics:%!(EXTRA *errors.errorString=[from Gatherer #1] context deadline exceeded) 
[36mINFO[0m[2022-09-12T15:55:01+05:30] Error gathering metrics:%!(EXTRA *errors.errorString=[from Gatherer #1] context deadline exceeded) 
[36mINFO[0m[2022-09-12T15:55:16+05:30] Error gathering metrics:%!(EXTRA *errors.errorString=[from Gatherer #1] context deadline exceeded) 
[36mINFO[0m[2022-09-12T15:55:31+05:30] Error gathering metrics:%!(EXTRA *errors.errorString=[from Gatherer #1] context deadline exceeded) 
[36mINFO[0m[2022-09-12T15:55:46+05:30] Error gathering metrics:%!(EXTRA *errors.errorString=[from Gatherer #1] context deadline exceeded) 
[36mINFO[0m[2022-09-12T15:56:01+05:30] Error gathering metrics:%!(EXTRA *errors.errorString=[from Gatherer #1] context deadline exceeded) 
[36mINFO[0m[2022-09-12T15:56:16+05:30] Error gathering metrics:%!(EXTRA *errors.errorString=[from Gatherer #1] context deadline exceeded) 
[36mINFO[0m[2022-09-12T15:56:31+05:30] Error gathering metrics:%!(EXTRA *errors.errorString=[from Gatherer #1] context deadline exceeded) 
[36mINFO[0m[2022-09-12T15:56:46+05:30] Error gathering metrics:%!(EXTRA *errors.errorString=[from Gatherer #1] context deadline exceeded) 
[36mINFO[0m[2022-09-12T15:57:01+05:30] Error gathering metrics:%!(EXTRA *errors.errorString=[from Gatherer #1] context deadline exceeded) 
[36mINFO[0m[2022-09-12T15:57:16+05:30] Error gathering metrics:%!(EXTRA *errors.errorString=[from Gatherer #1] context deadline exceeded) 
[36mINFO[0m[2022-09-12T15:57:31+05:30] Error gathering metrics:%!(EXTRA *errors.errorString=[from Gatherer #1] context deadline exceeded) 
[36mINFO[0m[2022-09-12T15:57:46+05:30] Error gathering metrics:%!(EXTRA *errors.errorString=[from Gatherer #1] context deadline exceeded) 
[36mINFO[0m[2022-09-12T15:58:01+05:30] Error gathering metrics:%!(EXTRA *errors.errorString=[from Gatherer #1] context deadline exceeded) 
[36mINFO[0m[2022-09-12T15:58:16+05:30] Error gathering metrics:%!(EXTRA *errors.errorString=[from Gatherer #1] context deadline exceeded) 
[36mINFO[0m[2022-09-12T15:58:31+05:30] Error gathering metrics:%!(EXTRA *errors.errorString=[from Gatherer #1] context deadline exceeded) 
[36mINFO[0m[2022-09-12T15:58:46+05:30] Error gathering metrics:%!(EXTRA *errors.errorString=[from Gatherer #1] context deadline exceeded) 
[36mINFO[0m[2022-09-12T15:59:01+05:30] Error gathering metrics:%!(EXTRA *errors.errorString=[from Gatherer #1] context deadline exceeded) 
[36mINFO[0m[2022-09-12T15:59:16+05:30] Error gathering metrics:%!(EXTRA *errors.errorString=[from Gatherer #1] context deadline exceeded) 
[36mINFO[0m[2022-09-12T15:59:31+05:30] Error gathering metrics:%!(EXTRA *errors.errorString=[from Gatherer #1] context deadline exceeded) 
[36mINFO[0m[2022-09-12T15:59:46+05:30] Error gathering metrics:%!(EXTRA *errors.errorString=[from Gatherer #1] context deadline exceeded) 
[36mINFO[0m[2022-09-12T16:00:01+05:30] Error gathering metrics:%!(EXTRA *errors.errorString=[from Gatherer #1] context deadline exceeded) 
[36mINFO[0m[2022-09-12T16:00:16+05:30] Error gathering metrics:%!(EXTRA *errors.errorString=[from Gatherer #1] context deadline exceeded) 
[36mINFO[0m[2022-09-12T16:00:31+05:30] Error gathering metrics:%!(EXTRA *errors.errorString=[from Gatherer #1] context deadline exceeded) 
[36mINFO[0m[2022-09-12T16:00:46+05:30] Error gathering metrics:%!(EXTRA *errors.errorString=[from Gatherer #1] context deadline exceeded) 
[36mINFO[0m[2022-09-12T16:01:01+05:30] Error gathering metrics:%!(EXTRA *errors.errorString=[from Gatherer #1] context deadline exceeded) 
[36mINFO[0m[2022-09-12T16:01:16+05:30] Error gathering metrics:%!(EXTRA *errors.errorString=[from Gatherer #1] context deadline exceeded) 
[36mINFO[0m[2022-09-12T16:01:31+05:30] Error gathering metrics:%!(EXTRA *errors.errorString=[from Gatherer #1] context deadline exceeded) 
[36mINFO[0m[2022-09-12T16:01:46+05:30] Error gathering metrics:%!(EXTRA *errors.errorString=[from Gatherer #1] context deadline exceeded) 
[36mINFO[0m[2022-09-12T16:02:01+05:30] Error gathering metrics:%!(EXTRA *errors.errorString=[from Gatherer #1] context deadline exceeded) 
[36mINFO[0m[2022-09-12T16:02:16+05:30] Error gathering metrics:%!(EXTRA *errors.errorString=[from Gatherer #1] context deadline exceeded) 
[36mINFO[0m[2022-09-12T16:02:31+05:30] Error gathering metrics:%!(EXTRA *errors.errorString=[from Gatherer #1] context deadline exceeded) 
[36mINFO[0m[2022-09-12T16:02:46+05:30] Error gathering metrics:%!(EXTRA *errors.errorString=[from Gatherer #1] context deadline exceeded) 
[36mINFO[0m[2022-09-12T16:03:01+05:30] Error gathering metrics:%!(EXTRA *errors.errorString=[from Gatherer #1] context deadline exceeded) 
[36mINFO[0m[2022-09-12T16:03:16+05:30] Error gathering metrics:%!(EXTRA *errors.errorString=[from Gatherer #1] context deadline exceeded) 
[36mINFO[0m[2022-09-12T16:03:31+05:30] Error gathering metrics:%!(EXTRA *errors.errorString=[from Gatherer #1] context deadline exceeded) 
[36mINFO[0m[2022-09-12T16:03:46+05:30] Error gathering metrics:%!(EXTRA *errors.errorString=[from Gatherer #1] context deadline exceeded) 
[36mINFO[0m[2022-09-12T16:04:01+05:30] Error gathering metrics:%!(EXTRA *errors.errorString=[from Gatherer #1] context deadline exceeded) 
[36mINFO[0m[2022-09-12T16:04:16+05:30] Error gathering metrics:%!(EXTRA *errors.errorString=[from Gatherer #1] context deadline exceeded) 
[36mINFO[0m[2022-09-12T16:04:31+05:30] Error gathering metrics:%!(EXTRA *errors.errorString=[from Gatherer #1] context deadline exceeded) 
[36mINFO[0m[2022-09-12T16:04:46+05:30] Error gathering metrics:%!(EXTRA *errors.errorString=[from Gatherer #1] context deadline exceeded) 
[36mINFO[0m[2022-09-12T16:04:59+05:30] Error gathering metrics:%!(EXTRA *errors.errorString=[from Gatherer #1] Failed to establish a connection to the primary server or any backup host.
  '172.16.122.30:5433': dial tcp 172.16.122.30:5433: connect: connection timed out
  '172.16.122.28:5433': dial tcp 172.16.122.28:5433: connect: connection timed out
  '172.16.122.29:5433': dial tcp 172.16.122.29:5433: connect: connection timed out) 
[36mINFO[0m[2022-09-12T16:05:16+05:30] Error gathering metrics:%!(EXTRA *errors.errorString=[from Gatherer #1] context deadline exceeded) 
[36mINFO[0m[2022-09-12T16:05:31+05:30] Error gathering metrics:%!(EXTRA *errors.errorString=[from Gatherer #1] context deadline exceeded) 
[36mINFO[0m[2022-09-12T16:05:46+05:30] Error gathering metrics:%!(EXTRA *errors.errorString=[from Gatherer #1] context deadline exceeded) 
[36mINFO[0m[2022-09-12T16:06:01+05:30] Error gathering metrics:%!(EXTRA *errors.errorString=[from Gatherer #1] context deadline exceeded) 
[36mINFO[0m[2022-09-12T16:06:16+05:30] Error gathering metrics:%!(EXTRA *errors.errorString=[from Gatherer #1] context deadline exceeded) 
[36mINFO[0m[2022-09-12T16:06:31+05:30] Error gathering metrics:%!(EXTRA *errors.errorString=[from Gatherer #1] context deadline exceeded) 
[36mINFO[0m[2022-09-12T16:06:46+05:30] Error gathering metrics:%!(EXTRA *errors.errorString=[from Gatherer #1] context deadline exceeded) 
[36mINFO[0m[2022-09-12T16:07:01+05:30] Error gathering metrics:%!(EXTRA *errors.errorString=[from Gatherer #1] context deadline exceeded) 
[36mINFO[0m[2022-09-12T16:07:16+05:30] Error gathering metrics:%!(EXTRA *errors.errorString=[from Gatherer #1] context deadline exceeded) 
[36mINFO[0m[2022-09-12T16:07:31+05:30] Error gathering metrics:%!(EXTRA *errors.errorString=[from Gatherer #1] context deadline exceeded) 
[36mINFO[0m[2022-09-12T16:07:46+05:30] Error gathering metrics:%!(EXTRA *errors.errorString=[from Gatherer #1] context deadline exceeded) 
[36mINFO[0m[2022-09-12T16:08:01+05:30] Error gathering metrics:%!(EXTRA *errors.errorString=[from Gatherer #1] context deadline exceeded) 
[36mINFO[0m[2022-09-12T16:08:16+05:30] Error gathering metrics:%!(EXTRA *errors.errorString=[from Gatherer #1] context deadline exceeded) 
[36mINFO[0m[2022-09-12T16:08:31+05:30] Error gathering metrics:%!(EXTRA *errors.errorString=[from Gatherer #1] context deadline exceeded) 
[36mINFO[0m[2022-09-12T16:08:46+05:30] Error gathering metrics:%!(EXTRA *errors.errorString=[from Gatherer #1] context deadline exceeded) 
[36mINFO[0m[2022-09-12T16:09:01+05:30] Error gathering metrics:%!(EXTRA *errors.errorString=[from Gatherer #1] context deadline exceeded) 
[36mINFO[0m[2022-09-12T16:09:16+05:30] Error gathering metrics:%!(EXTRA *errors.errorString=[from Gatherer #1] context deadline exceeded) 
[36mINFO[0m[2022-09-12T16:09:31+05:30] Error gathering metrics:%!(EXTRA *errors.errorString=[from Gatherer #1] context deadline exceeded) 
[36mINFO[0m[2022-09-12T16:09:46+05:30] Error gathering metrics:%!(EXTRA *errors.errorString=[from Gatherer #1] context deadline exceeded) 
[36mINFO[0m[2022-09-12T16:10:01+05:30] Error gathering metrics:%!(EXTRA *errors.errorString=[from Gatherer #1] context deadline exceeded) 
[36mINFO[0m[2022-09-12T16:10:16+05:30] Error gathering metrics:%!(EXTRA *errors.errorString=[from Gatherer #1] context deadline exceeded) 
[36mINFO[0m[2022-09-12T16:10:31+05:30] Error gathering metrics:%!(EXTRA *errors.errorString=[from Gatherer #1] context deadline exceeded) 
[36mINFO[0m[2022-09-12T16:10:46+05:30] Error gathering metrics:%!(EXTRA *errors.errorString=[from Gatherer #1] context deadline exceeded) 
[36mINFO[0m[2022-09-12T16:11:01+05:30] Error gathering metrics:%!(EXTRA *errors.errorString=[from Gatherer #1] context deadline exceeded) 
[36mINFO[0m[2022-09-12T16:11:16+05:30] Error gathering metrics:%!(EXTRA *errors.errorString=[from Gatherer #1] context deadline exceeded) 
[36mINFO[0m[2022-09-12T16:11:31+05:30] Error gathering metrics:%!(EXTRA *errors.errorString=[from Gatherer #1] context deadline exceeded) 
[36mINFO[0m[2022-09-12T16:11:46+05:30] Error gathering metrics:%!(EXTRA *errors.errorString=[from Gatherer #1] context deadline exceeded) 
[36mINFO[0m[2022-09-12T16:12:01+05:30] Error gathering metrics:%!(EXTRA *errors.errorString=[from Gatherer #1] context deadline exceeded) 
[36mINFO[0m[2022-09-12T16:12:16+05:30] Error gathering metrics:%!(EXTRA *errors.errorString=[from Gatherer #1] context deadline exceeded) 
[36mINFO[0m[2022-09-12T16:12:31+05:30] Error gathering metrics:%!(EXTRA *errors.errorString=[from Gatherer #1] context deadline exceeded) 
[36mINFO[0m[2022-09-12T16:12:46+05:30] Error gathering metrics:%!(EXTRA *errors.errorString=[from Gatherer #1] context deadline exceeded) 
[36mINFO[0m[2022-09-12T16:13:01+05:30] Error gathering metrics:%!(EXTRA *errors.errorString=[from Gatherer #1] context deadline exceeded) 
[36mINFO[0m[2022-09-12T16:13:16+05:30] Error gathering metrics:%!(EXTRA *errors.errorString=[from Gatherer #1] context deadline exceeded) 
[36mINFO[0m[2022-09-12T16:13:31+05:30] Error gathering metrics:%!(EXTRA *errors.errorString=[from Gatherer #1] context deadline exceeded) 
[36mINFO[0m[2022-09-12T16:13:46+05:30] Error gathering metrics:%!(EXTRA *errors.errorString=[from Gatherer #1] context deadline exceeded) 
[36mINFO[0m[2022-09-12T16:14:01+05:30] Error gathering metrics:%!(EXTRA *errors.errorString=[from Gatherer #1] context deadline exceeded) 
[36mINFO[0m[2022-09-12T16:14:16+05:30] Error gathering metrics:%!(EXTRA *errors.errorString=[from Gatherer #1] context deadline exceeded) 
[36mINFO[0m[2022-09-12T16:14:31+05:30] Error gathering metrics:%!(EXTRA *errors.errorString=[from Gatherer #1] context deadline exceeded) 
[36mINFO[0m[2022-09-12T16:14:46+05:30] Error gathering metrics:%!(EXTRA *errors.errorString=[from Gatherer #1] context deadline exceeded) 
[36mINFO[0m[2022-09-12T16:15:01+05:30] Error gathering metrics:%!(EXTRA *errors.errorString=[from Gatherer #1] context deadline exceeded) 
[36mINFO[0m[2022-09-12T16:15:16+05:30] Error gathering metrics:%!(EXTRA *errors.errorString=[from Gatherer #1] context deadline exceeded) 
[36mINFO[0m[2022-09-12T16:15:31+05:30] Error gathering metrics:%!(EXTRA *errors.errorString=[from Gatherer #1] context deadline exceeded) 
[36mINFO[0m[2022-09-12T16:15:46+05:30] Error gathering metrics:%!(EXTRA *errors.errorString=[from Gatherer #1] context deadline exceeded) 
