[36mINFO[0m[2022-09-22T16:36:28+05:30] Listening on :9968                           
[36mINFO[0m[2022-09-28T11:00:51+05:30] Listening on :9968                           
[36mINFO[0m[2022-09-28T12:37:02-04:00] Listening on :9968                           
[36mINFO[0m[2022-09-28T12:37:08-04:00] [collector="example"] Collecting fresh metrics: min_interval=10.000s cache_age=9223372036.855s 
[36mINFO[0m[2022-09-28T12:37:08-04:00] [collector="example1"] Collecting fresh metrics: min_interval=10.000s cache_age=9223372036.855s 
[36mINFO[0m[2022-09-28T12:37:08-04:00] returned_columns="[ttlconns]"collector="example", query="vertica_total_database_connections" 
[36mINFO[0m[2022-09-28T12:37:08-04:00] returned_columns="[node_name totaltrans]"collector="example1", query="vertica_connections_per_node" 
[36mINFO[0m[2022-09-28T12:37:08-04:00] returned_columns="[ttldbsz]"collector="example", query="vertica_database_size" 
[36mINFO[0m[2022-09-28T12:37:08-04:00] returned_columns="[down]"collector="example", query="vertica_state_not_up_or_standby" 
[36mINFO[0m[2022-09-28T12:37:08-04:00] returned_columns="[licsz]"collector="example", query="vertica_license_size" 
[36mINFO[0m[2022-09-28T12:37:08-04:00] returned_columns="[ttlrows]"collector="example", query="vertica_total_database_rows" 
[36mINFO[0m[2022-09-28T12:37:08-04:00] returned_columns="[node_name total]"collector="example1", query="vertica_query_requests_transactions_count_per_node" 
[36mINFO[0m[2022-09-28T12:37:11-04:00] returned_columns="[node_name avg_cpu_usage_pct avg_mem_usage_pct net_rx_bps net_tx_bps io_read_bps io_write_bps]"collector="example1", query="vertica_system_resources" 
[36mINFO[0m[2022-09-28T12:37:23-04:00] [collector="example1"] Collecting fresh metrics: min_interval=10.000s cache_age=14.982s 
[36mINFO[0m[2022-09-28T12:37:23-04:00] [collector="example"] Collecting fresh metrics: min_interval=10.000s cache_age=14.982s 
[36mINFO[0m[2022-09-28T12:37:23-04:00] returned_columns="[node_name totaltrans]"collector="example1", query="vertica_connections_per_node" 
[36mINFO[0m[2022-09-28T12:37:23-04:00] returned_columns="[ttlconns]"collector="example", query="vertica_total_database_connections" 
[36mINFO[0m[2022-09-28T12:37:23-04:00] returned_columns="[ttldbsz]"collector="example", query="vertica_database_size" 
[36mINFO[0m[2022-09-28T12:37:23-04:00] returned_columns="[down]"collector="example", query="vertica_state_not_up_or_standby" 
[36mINFO[0m[2022-09-28T12:37:23-04:00] returned_columns="[ttlrows]"collector="example", query="vertica_total_database_rows" 
[36mINFO[0m[2022-09-28T12:37:23-04:00] returned_columns="[licsz]"collector="example", query="vertica_license_size" 
[36mINFO[0m[2022-09-28T12:37:23-04:00] returned_columns="[node_name total]"collector="example1", query="vertica_query_requests_transactions_count_per_node" 
[36mINFO[0m[2022-09-28T12:37:26-04:00] returned_columns="[node_name avg_cpu_usage_pct avg_mem_usage_pct net_rx_bps net_tx_bps io_read_bps io_write_bps]"collector="example1", query="vertica_system_resources" 
[36mINFO[0m[2022-09-28T12:37:38-04:00] [collector="example1"] Collecting fresh metrics: min_interval=10.000s cache_age=14.999s 
[36mINFO[0m[2022-09-28T12:37:38-04:00] [collector="example"] Collecting fresh metrics: min_interval=10.000s cache_age=14.999s 
[36mINFO[0m[2022-09-28T12:37:38-04:00] returned_columns="[node_name totaltrans]"collector="example1", query="vertica_connections_per_node" 
[36mINFO[0m[2022-09-28T12:37:38-04:00] returned_columns="[ttldbsz]"collector="example", query="vertica_database_size" 
[36mINFO[0m[2022-09-28T12:37:38-04:00] returned_columns="[ttlconns]"collector="example", query="vertica_total_database_connections" 
[36mINFO[0m[2022-09-28T12:37:38-04:00] returned_columns="[ttlrows]"collector="example", query="vertica_total_database_rows" 
[36mINFO[0m[2022-09-28T12:37:38-04:00] returned_columns="[down]"collector="example", query="vertica_state_not_up_or_standby" 
[36mINFO[0m[2022-09-28T12:37:38-04:00] returned_columns="[licsz]"collector="example", query="vertica_license_size" 
[36mINFO[0m[2022-09-28T12:37:38-04:00] returned_columns="[node_name total]"collector="example1", query="vertica_query_requests_transactions_count_per_node" 
[36mINFO[0m[2022-09-28T12:37:41-04:00] returned_columns="[node_name avg_cpu_usage_pct avg_mem_usage_pct net_rx_bps net_tx_bps io_read_bps io_write_bps]"collector="example1", query="vertica_system_resources" 
[36mINFO[0m[2022-09-28T12:37:53-04:00] [collector="example1"] Collecting fresh metrics: min_interval=10.000s cache_age=15.001s 
[36mINFO[0m[2022-09-28T12:37:53-04:00] [collector="example"] Collecting fresh metrics: min_interval=10.000s cache_age=15.001s 
[36mINFO[0m[2022-09-28T12:37:53-04:00] returned_columns="[node_name totaltrans]"collector="example1", query="vertica_connections_per_node" 
[36mINFO[0m[2022-09-28T12:37:53-04:00] returned_columns="[down]"collector="example", query="vertica_state_not_up_or_standby" 
[36mINFO[0m[2022-09-28T12:37:53-04:00] returned_columns="[licsz]"collector="example", query="vertica_license_size" 
[36mINFO[0m[2022-09-28T12:37:53-04:00] returned_columns="[ttldbsz]"collector="example", query="vertica_database_size" 
[36mINFO[0m[2022-09-28T12:37:53-04:00] returned_columns="[ttlrows]"collector="example", query="vertica_total_database_rows" 
[36mINFO[0m[2022-09-28T12:37:53-04:00] returned_columns="[ttlconns]"collector="example", query="vertica_total_database_connections" 
[36mINFO[0m[2022-09-28T12:37:53-04:00] returned_columns="[node_name total]"collector="example1", query="vertica_query_requests_transactions_count_per_node" 
[36mINFO[0m[2022-09-28T12:37:56-04:00] returned_columns="[node_name avg_cpu_usage_pct avg_mem_usage_pct net_rx_bps net_tx_bps io_read_bps io_write_bps]"collector="example1", query="vertica_system_resources" 
[36mINFO[0m[2022-09-28T12:38:08-04:00] [collector="example1"] Collecting fresh metrics: min_interval=10.000s cache_age=15.000s 
[36mINFO[0m[2022-09-28T12:38:08-04:00] [collector="example"] Collecting fresh metrics: min_interval=10.000s cache_age=15.000s 
[36mINFO[0m[2022-09-28T12:38:08-04:00] returned_columns="[node_name totaltrans]"collector="example1", query="vertica_connections_per_node" 
[36mINFO[0m[2022-09-28T12:38:08-04:00] returned_columns="[down]"collector="example", query="vertica_state_not_up_or_standby" 
[36mINFO[0m[2022-09-28T12:38:08-04:00] returned_columns="[licsz]"collector="example", query="vertica_license_size" 
[36mINFO[0m[2022-09-28T12:38:08-04:00] returned_columns="[ttlconns]"collector="example", query="vertica_total_database_connections" 
[36mINFO[0m[2022-09-28T12:38:08-04:00] returned_columns="[ttldbsz]"collector="example", query="vertica_database_size" 
[36mINFO[0m[2022-09-28T12:38:08-04:00] returned_columns="[ttlrows]"collector="example", query="vertica_total_database_rows" 
[36mINFO[0m[2022-09-28T12:38:08-04:00] returned_columns="[node_name total]"collector="example1", query="vertica_query_requests_transactions_count_per_node" 
[36mINFO[0m[2022-09-28T12:38:11-04:00] returned_columns="[node_name avg_cpu_usage_pct avg_mem_usage_pct net_rx_bps net_tx_bps io_read_bps io_write_bps]"collector="example1", query="vertica_system_resources" 
[36mINFO[0m[2022-09-28T12:38:23-04:00] [collector="example1"] Collecting fresh metrics: min_interval=10.000s cache_age=15.003s 
[36mINFO[0m[2022-09-28T12:38:23-04:00] [collector="example"] Collecting fresh metrics: min_interval=10.000s cache_age=15.003s 
[36mINFO[0m[2022-09-28T12:38:23-04:00] returned_columns="[node_name totaltrans]"collector="example1", query="vertica_connections_per_node" 
[36mINFO[0m[2022-09-28T12:38:23-04:00] returned_columns="[down]"collector="example", query="vertica_state_not_up_or_standby" 
[36mINFO[0m[2022-09-28T12:38:23-04:00] returned_columns="[licsz]"collector="example", query="vertica_license_size" 
[36mINFO[0m[2022-09-28T12:38:23-04:00] returned_columns="[ttldbsz]"collector="example", query="vertica_database_size" 
[36mINFO[0m[2022-09-28T12:38:23-04:00] returned_columns="[ttlrows]"collector="example", query="vertica_total_database_rows" 
[36mINFO[0m[2022-09-28T12:38:23-04:00] returned_columns="[ttlconns]"collector="example", query="vertica_total_database_connections" 
[36mINFO[0m[2022-09-28T12:38:23-04:00] returned_columns="[node_name total]"collector="example1", query="vertica_query_requests_transactions_count_per_node" 
[36mINFO[0m[2022-09-28T12:38:26-04:00] returned_columns="[node_name avg_cpu_usage_pct avg_mem_usage_pct net_rx_bps net_tx_bps io_read_bps io_write_bps]"collector="example1", query="vertica_system_resources" 
[36mINFO[0m[2022-09-28T12:38:38-04:00] [collector="example1"] Collecting fresh metrics: min_interval=10.000s cache_age=14.998s 
[36mINFO[0m[2022-09-28T12:38:38-04:00] [collector="example"] Collecting fresh metrics: min_interval=10.000s cache_age=14.998s 
[36mINFO[0m[2022-09-28T12:38:38-04:00] returned_columns="[node_name totaltrans]"collector="example1", query="vertica_connections_per_node" 
[36mINFO[0m[2022-09-28T12:38:38-04:00] returned_columns="[ttldbsz]"collector="example", query="vertica_database_size" 
[36mINFO[0m[2022-09-28T12:38:38-04:00] returned_columns="[ttlrows]"collector="example", query="vertica_total_database_rows" 
[36mINFO[0m[2022-09-28T12:38:38-04:00] returned_columns="[licsz]"collector="example", query="vertica_license_size" 
[36mINFO[0m[2022-09-28T12:38:38-04:00] returned_columns="[down]"collector="example", query="vertica_state_not_up_or_standby" 
[36mINFO[0m[2022-09-28T12:38:38-04:00] returned_columns="[ttlconns]"collector="example", query="vertica_total_database_connections" 
[36mINFO[0m[2022-09-28T12:38:38-04:00] returned_columns="[node_name total]"collector="example1", query="vertica_query_requests_transactions_count_per_node" 
[36mINFO[0m[2022-09-28T12:38:41-04:00] returned_columns="[node_name avg_cpu_usage_pct avg_mem_usage_pct net_rx_bps net_tx_bps io_read_bps io_write_bps]"collector="example1", query="vertica_system_resources" 
[36mINFO[0m[2022-09-28T12:38:53-04:00] [collector="example1"] Collecting fresh metrics: min_interval=10.000s cache_age=15.001s 
[36mINFO[0m[2022-09-28T12:38:53-04:00] [collector="example"] Collecting fresh metrics: min_interval=10.000s cache_age=15.001s 
[36mINFO[0m[2022-09-28T12:38:53-04:00] returned_columns="[node_name totaltrans]"collector="example1", query="vertica_connections_per_node" 
[36mINFO[0m[2022-09-28T12:38:53-04:00] returned_columns="[down]"collector="example", query="vertica_state_not_up_or_standby" 
[36mINFO[0m[2022-09-28T12:38:53-04:00] returned_columns="[licsz]"collector="example", query="vertica_license_size" 
[36mINFO[0m[2022-09-28T12:38:53-04:00] returned_columns="[ttldbsz]"collector="example", query="vertica_database_size" 
[36mINFO[0m[2022-09-28T12:38:53-04:00] returned_columns="[ttlrows]"collector="example", query="vertica_total_database_rows" 
[36mINFO[0m[2022-09-28T12:38:53-04:00] returned_columns="[ttlconns]"collector="example", query="vertica_total_database_connections" 
[36mINFO[0m[2022-09-28T12:38:53-04:00] returned_columns="[node_name total]"collector="example1", query="vertica_query_requests_transactions_count_per_node" 
[36mINFO[0m[2022-09-28T12:38:56-04:00] returned_columns="[node_name avg_cpu_usage_pct avg_mem_usage_pct net_rx_bps net_tx_bps io_read_bps io_write_bps]"collector="example1", query="vertica_system_resources" 
[36mINFO[0m[2022-09-28T12:39:08-04:00] [collector="example1"] Collecting fresh metrics: min_interval=10.000s cache_age=14.998s 
[36mINFO[0m[2022-09-28T12:39:08-04:00] [collector="example"] Collecting fresh metrics: min_interval=10.000s cache_age=14.998s 
[36mINFO[0m[2022-09-28T12:39:08-04:00] returned_columns="[node_name totaltrans]"collector="example1", query="vertica_connections_per_node" 
[36mINFO[0m[2022-09-28T12:39:08-04:00] returned_columns="[down]"collector="example", query="vertica_state_not_up_or_standby" 
[36mINFO[0m[2022-09-28T12:39:08-04:00] returned_columns="[ttlconns]"collector="example", query="vertica_total_database_connections" 
[36mINFO[0m[2022-09-28T12:39:08-04:00] returned_columns="[ttlrows]"collector="example", query="vertica_total_database_rows" 
[36mINFO[0m[2022-09-28T12:39:08-04:00] returned_columns="[licsz]"collector="example", query="vertica_license_size" 
[36mINFO[0m[2022-09-28T12:39:08-04:00] returned_columns="[ttldbsz]"collector="example", query="vertica_database_size" 
[36mINFO[0m[2022-09-28T12:39:08-04:00] returned_columns="[node_name total]"collector="example1", query="vertica_query_requests_transactions_count_per_node" 
[36mINFO[0m[2022-09-28T12:39:11-04:00] returned_columns="[node_name avg_cpu_usage_pct avg_mem_usage_pct net_rx_bps net_tx_bps io_read_bps io_write_bps]"collector="example1", query="vertica_system_resources" 
[36mINFO[0m[2022-09-28T12:39:23-04:00] [collector="example1"] Collecting fresh metrics: min_interval=10.000s cache_age=15.001s 
[36mINFO[0m[2022-09-28T12:39:23-04:00] [collector="example"] Collecting fresh metrics: min_interval=10.000s cache_age=15.001s 
[36mINFO[0m[2022-09-28T12:39:23-04:00] returned_columns="[node_name totaltrans]"collector="example1", query="vertica_connections_per_node" 
[36mINFO[0m[2022-09-28T12:39:23-04:00] returned_columns="[ttldbsz]"collector="example", query="vertica_database_size" 
[36mINFO[0m[2022-09-28T12:39:23-04:00] returned_columns="[ttlconns]"collector="example", query="vertica_total_database_connections" 
[36mINFO[0m[2022-09-28T12:39:23-04:00] returned_columns="[down]"collector="example", query="vertica_state_not_up_or_standby" 
[36mINFO[0m[2022-09-28T12:39:23-04:00] returned_columns="[ttlrows]"collector="example", query="vertica_total_database_rows" 
[36mINFO[0m[2022-09-28T12:39:23-04:00] returned_columns="[licsz]"collector="example", query="vertica_license_size" 
[36mINFO[0m[2022-09-28T12:39:23-04:00] returned_columns="[node_name total]"collector="example1", query="vertica_query_requests_transactions_count_per_node" 
[36mINFO[0m[2022-09-28T12:39:26-04:00] returned_columns="[node_name avg_cpu_usage_pct avg_mem_usage_pct net_rx_bps net_tx_bps io_read_bps io_write_bps]"collector="example1", query="vertica_system_resources" 
[36mINFO[0m[2022-09-28T12:39:38-04:00] [collector="example1"] Collecting fresh metrics: min_interval=10.000s cache_age=15.002s 
[36mINFO[0m[2022-09-28T12:39:38-04:00] [collector="example"] Collecting fresh metrics: min_interval=10.000s cache_age=15.002s 
[36mINFO[0m[2022-09-28T12:39:38-04:00] returned_columns="[down]"collector="example", query="vertica_state_not_up_or_standby" 
[36mINFO[0m[2022-09-28T12:39:38-04:00] returned_columns="[node_name totaltrans]"collector="example1", query="vertica_connections_per_node" 
[36mINFO[0m[2022-09-28T12:39:38-04:00] returned_columns="[licsz]"collector="example", query="vertica_license_size" 
[36mINFO[0m[2022-09-28T12:39:38-04:00] returned_columns="[ttlrows]"collector="example", query="vertica_total_database_rows" 
[36mINFO[0m[2022-09-28T12:39:38-04:00] returned_columns="[ttlconns]"collector="example", query="vertica_total_database_connections" 
[36mINFO[0m[2022-09-28T12:39:38-04:00] returned_columns="[ttldbsz]"collector="example", query="vertica_database_size" 
[36mINFO[0m[2022-09-28T12:39:38-04:00] returned_columns="[node_name total]"collector="example1", query="vertica_query_requests_transactions_count_per_node" 
[36mINFO[0m[2022-09-28T12:39:41-04:00] returned_columns="[node_name avg_cpu_usage_pct avg_mem_usage_pct net_rx_bps net_tx_bps io_read_bps io_write_bps]"collector="example1", query="vertica_system_resources" 
[36mINFO[0m[2022-09-28T12:39:42-04:00] [collector="example1"] Returning cached metrics: min_interval=10.000s cache_age=4.533s 
[36mINFO[0m[2022-09-28T12:39:42-04:00] [collector="example"] Returning cached metrics: min_interval=10.000s cache_age=4.533s 
[36mINFO[0m[2022-09-28T12:39:44-04:00] [collector="example1"] Returning cached metrics: min_interval=10.000s cache_age=6.389s 
[36mINFO[0m[2022-09-28T12:39:44-04:00] [collector="example"] Returning cached metrics: min_interval=10.000s cache_age=6.389s 
[36mINFO[0m[2022-09-28T12:39:50-04:00] [collector="example1"] Collecting fresh metrics: min_interval=10.000s cache_age=12.100s 
[36mINFO[0m[2022-09-28T12:39:50-04:00] [collector="example"] Collecting fresh metrics: min_interval=10.000s cache_age=12.100s 
[36mINFO[0m[2022-09-28T12:39:50-04:00] returned_columns="[down]"collector="example", query="vertica_state_not_up_or_standby" 
[36mINFO[0m[2022-09-28T12:39:50-04:00] returned_columns="[ttlconns]"collector="example", query="vertica_total_database_connections" 
[36mINFO[0m[2022-09-28T12:39:50-04:00] returned_columns="[licsz]"collector="example", query="vertica_license_size" 
[36mINFO[0m[2022-09-28T12:39:50-04:00] returned_columns="[ttlrows]"collector="example", query="vertica_total_database_rows" 
[36mINFO[0m[2022-09-28T12:39:50-04:00] returned_columns="[node_name totaltrans]"collector="example1", query="vertica_connections_per_node" 
[36mINFO[0m[2022-09-28T12:39:50-04:00] returned_columns="[ttldbsz]"collector="example", query="vertica_database_size" 
[36mINFO[0m[2022-09-28T12:39:50-04:00] returned_columns="[node_name total]"collector="example1", query="vertica_query_requests_transactions_count_per_node" 
[36mINFO[0m[2022-09-28T12:39:53-04:00] [collector="example"] Returning cached metrics: min_interval=10.000s cache_age=2.898s 
[36mINFO[0m[2022-09-28T12:39:53-04:00] returned_columns="[node_name avg_cpu_usage_pct avg_mem_usage_pct net_rx_bps net_tx_bps io_read_bps io_write_bps]"collector="example1", query="vertica_system_resources" 
[36mINFO[0m[2022-09-28T12:39:53-04:00] [collector="example1"] Returning cached metrics: min_interval=10.000s cache_age=2.898s 
[36mINFO[0m[2022-09-28T12:39:55-04:00] [collector="example1"] Returning cached metrics: min_interval=10.000s cache_age=4.810s 
[36mINFO[0m[2022-09-28T12:39:55-04:00] [collector="example"] Returning cached metrics: min_interval=10.000s cache_age=4.810s 
[36mINFO[0m[2022-09-28T12:39:59-04:00] [collector="example1"] Returning cached metrics: min_interval=10.000s cache_age=8.740s 
[36mINFO[0m[2022-09-28T12:39:59-04:00] [collector="example"] Returning cached metrics: min_interval=10.000s cache_age=8.740s 
[36mINFO[0m[2022-09-28T12:40:00-04:00] [collector="example1"] Collecting fresh metrics: min_interval=10.000s cache_age=10.340s 
[36mINFO[0m[2022-09-28T12:40:00-04:00] [collector="example"] Collecting fresh metrics: min_interval=10.000s cache_age=10.340s 
[36mINFO[0m[2022-09-28T12:40:00-04:00] returned_columns="[node_name totaltrans]"collector="example1", query="vertica_connections_per_node" 
[36mINFO[0m[2022-09-28T12:40:00-04:00] returned_columns="[down]"collector="example", query="vertica_state_not_up_or_standby" 
[36mINFO[0m[2022-09-28T12:40:00-04:00] returned_columns="[licsz]"collector="example", query="vertica_license_size" 
[36mINFO[0m[2022-09-28T12:40:00-04:00] returned_columns="[ttldbsz]"collector="example", query="vertica_database_size" 
[36mINFO[0m[2022-09-28T12:40:00-04:00] returned_columns="[ttlrows]"collector="example", query="vertica_total_database_rows" 
[36mINFO[0m[2022-09-28T12:40:00-04:00] returned_columns="[ttlconns]"collector="example", query="vertica_total_database_connections" 
[36mINFO[0m[2022-09-28T12:40:01-04:00] returned_columns="[node_name total]"collector="example1", query="vertica_query_requests_transactions_count_per_node" 
[36mINFO[0m[2022-09-28T12:40:04-04:00] returned_columns="[node_name avg_cpu_usage_pct avg_mem_usage_pct net_rx_bps net_tx_bps io_read_bps io_write_bps]"collector="example1", query="vertica_system_resources" 
[36mINFO[0m[2022-09-28T12:40:05-04:00] [collector="example1"] Returning cached metrics: min_interval=10.000s cache_age=4.674s 
[36mINFO[0m[2022-09-28T12:40:05-04:00] [collector="example"] Returning cached metrics: min_interval=10.000s cache_age=4.674s 
[36mINFO[0m[2022-09-28T12:40:08-04:00] [collector="example1"] Returning cached metrics: min_interval=10.000s cache_age=7.382s 
[36mINFO[0m[2022-09-28T12:40:08-04:00] [collector="example"] Returning cached metrics: min_interval=10.000s cache_age=7.382s 
[36mINFO[0m[2022-09-28T12:40:08-04:00] [collector="example1"] Returning cached metrics: min_interval=10.000s cache_age=7.557s 
[36mINFO[0m[2022-09-28T12:40:08-04:00] [collector="example"] Returning cached metrics: min_interval=10.000s cache_age=7.557s 
[36mINFO[0m[2022-09-28T12:40:09-04:00] [collector="example1"] Returning cached metrics: min_interval=10.000s cache_age=8.535s 
[36mINFO[0m[2022-09-28T12:40:09-04:00] [collector="example"] Returning cached metrics: min_interval=10.000s cache_age=8.535s 
[36mINFO[0m[2022-09-28T12:40:19-04:00] [collector="example1"] Collecting fresh metrics: min_interval=10.000s cache_age=18.981s 
[36mINFO[0m[2022-09-28T12:40:19-04:00] [collector="example"] Collecting fresh metrics: min_interval=10.000s cache_age=18.981s 
[36mINFO[0m[2022-09-28T12:40:19-04:00] returned_columns="[node_name totaltrans]"collector="example1", query="vertica_connections_per_node" 
[36mINFO[0m[2022-09-28T12:40:19-04:00] returned_columns="[down]"collector="example", query="vertica_state_not_up_or_standby" 
[36mINFO[0m[2022-09-28T12:40:19-04:00] returned_columns="[licsz]"collector="example", query="vertica_license_size" 
[36mINFO[0m[2022-09-28T12:40:19-04:00] returned_columns="[ttldbsz]"collector="example", query="vertica_database_size" 
[36mINFO[0m[2022-09-28T12:40:19-04:00] returned_columns="[ttlconns]"collector="example", query="vertica_total_database_connections" 
[36mINFO[0m[2022-09-28T12:40:19-04:00] returned_columns="[ttlrows]"collector="example", query="vertica_total_database_rows" 
[36mINFO[0m[2022-09-28T12:40:20-04:00] returned_columns="[node_name total]"collector="example1", query="vertica_query_requests_transactions_count_per_node" 
[36mINFO[0m[2022-09-28T12:40:23-04:00] returned_columns="[node_name avg_cpu_usage_pct avg_mem_usage_pct net_rx_bps net_tx_bps io_read_bps io_write_bps]"collector="example1", query="vertica_system_resources" 
[36mINFO[0m[2022-09-28T12:40:23-04:00] [collector="example1"] Returning cached metrics: min_interval=10.000s cache_age=3.576s 
[36mINFO[0m[2022-09-28T12:40:23-04:00] [collector="example"] Returning cached metrics: min_interval=10.000s cache_age=3.576s 
[36mINFO[0m[2022-09-28T12:40:36-04:00] [collector="example1"] Collecting fresh metrics: min_interval=10.000s cache_age=16.693s 
[36mINFO[0m[2022-09-28T12:40:36-04:00] [collector="example"] Collecting fresh metrics: min_interval=10.000s cache_age=16.693s 
[36mINFO[0m[2022-09-28T12:40:36-04:00] returned_columns="[down]"collector="example", query="vertica_state_not_up_or_standby" 
[36mINFO[0m[2022-09-28T12:40:36-04:00] returned_columns="[licsz]"collector="example", query="vertica_license_size" 
[36mINFO[0m[2022-09-28T12:40:36-04:00] returned_columns="[ttldbsz]"collector="example", query="vertica_database_size" 
[36mINFO[0m[2022-09-28T12:40:36-04:00] returned_columns="[ttlrows]"collector="example", query="vertica_total_database_rows" 
[36mINFO[0m[2022-09-28T12:40:36-04:00] returned_columns="[ttlconns]"collector="example", query="vertica_total_database_connections" 
[36mINFO[0m[2022-09-28T12:40:36-04:00] returned_columns="[node_name totaltrans]"collector="example1", query="vertica_connections_per_node" 
[36mINFO[0m[2022-09-28T12:40:36-04:00] returned_columns="[node_name total]"collector="example1", query="vertica_query_requests_transactions_count_per_node" 
[36mINFO[0m[2022-09-28T12:40:38-04:00] [collector="example"] Returning cached metrics: min_interval=10.000s cache_age=1.883s 
[36mINFO[0m[2022-09-28T12:40:38-04:00] [collector="example"] Returning cached metrics: min_interval=10.000s cache_age=2.053s 
[36mINFO[0m[2022-09-28T12:40:39-04:00] returned_columns="[node_name avg_cpu_usage_pct avg_mem_usage_pct net_rx_bps net_tx_bps io_read_bps io_write_bps]"collector="example1", query="vertica_system_resources" 
[36mINFO[0m[2022-09-28T12:40:39-04:00] [collector="example1"] Returning cached metrics: min_interval=10.000s cache_age=1.883s 
[36mINFO[0m[2022-09-28T12:40:39-04:00] [collector="example1"] Returning cached metrics: min_interval=10.000s cache_age=2.053s 
[36mINFO[0m[2022-09-28T12:40:53-04:00] [collector="example1"] Collecting fresh metrics: min_interval=10.000s cache_age=16.883s 
[36mINFO[0m[2022-09-28T12:40:53-04:00] [collector="example"] Collecting fresh metrics: min_interval=10.000s cache_age=16.883s 
[36mINFO[0m[2022-09-28T12:40:53-04:00] returned_columns="[node_name totaltrans]"collector="example1", query="vertica_connections_per_node" 
[36mINFO[0m[2022-09-28T12:40:53-04:00] returned_columns="[down]"collector="example", query="vertica_state_not_up_or_standby" 
[36mINFO[0m[2022-09-28T12:40:53-04:00] returned_columns="[licsz]"collector="example", query="vertica_license_size" 
[36mINFO[0m[2022-09-28T12:40:53-04:00] returned_columns="[ttldbsz]"collector="example", query="vertica_database_size" 
[36mINFO[0m[2022-09-28T12:40:53-04:00] returned_columns="[ttlrows]"collector="example", query="vertica_total_database_rows" 
[36mINFO[0m[2022-09-28T12:40:53-04:00] returned_columns="[ttlconns]"collector="example", query="vertica_total_database_connections" 
[36mINFO[0m[2022-09-28T12:40:53-04:00] returned_columns="[node_name total]"collector="example1", query="vertica_query_requests_transactions_count_per_node" 
[36mINFO[0m[2022-09-28T12:40:56-04:00] returned_columns="[node_name avg_cpu_usage_pct avg_mem_usage_pct net_rx_bps net_tx_bps io_read_bps io_write_bps]"collector="example1", query="vertica_system_resources" 
[36mINFO[0m[2022-09-28T12:41:08-04:00] [collector="example1"] Collecting fresh metrics: min_interval=10.000s cache_age=15.000s 
[36mINFO[0m[2022-09-28T12:41:08-04:00] [collector="example"] Collecting fresh metrics: min_interval=10.000s cache_age=15.000s 
[36mINFO[0m[2022-09-28T12:41:08-04:00] returned_columns="[down]"collector="example", query="vertica_state_not_up_or_standby" 
[36mINFO[0m[2022-09-28T12:41:08-04:00] returned_columns="[ttlconns]"collector="example", query="vertica_total_database_connections" 
[36mINFO[0m[2022-09-28T12:41:08-04:00] returned_columns="[ttldbsz]"collector="example", query="vertica_database_size" 
[36mINFO[0m[2022-09-28T12:41:08-04:00] returned_columns="[licsz]"collector="example", query="vertica_license_size" 
[36mINFO[0m[2022-09-28T12:41:08-04:00] returned_columns="[ttlrows]"collector="example", query="vertica_total_database_rows" 
[36mINFO[0m[2022-09-28T12:41:08-04:00] returned_columns="[node_name totaltrans]"collector="example1", query="vertica_connections_per_node" 
[36mINFO[0m[2022-09-28T12:41:08-04:00] returned_columns="[node_name total]"collector="example1", query="vertica_query_requests_transactions_count_per_node" 
[36mINFO[0m[2022-09-28T12:41:11-04:00] returned_columns="[node_name avg_cpu_usage_pct avg_mem_usage_pct net_rx_bps net_tx_bps io_read_bps io_write_bps]"collector="example1", query="vertica_system_resources" 
[36mINFO[0m[2022-09-28T12:43:10-04:00] Listening on :9968                           
[36mINFO[0m[2022-09-28T12:43:23-04:00] [collector="example"] Collecting fresh metrics: min_interval=10.000s cache_age=9223372036.855s 
[36mINFO[0m[2022-09-28T12:43:23-04:00] [collector="example1"] Collecting fresh metrics: min_interval=10.000s cache_age=9223372036.855s 
[36mINFO[0m[2022-09-28T12:43:23-04:00] returned_columns="[licsz]"collector="example", query="vertica_license_size" 
[36mINFO[0m[2022-09-28T12:43:23-04:00] returned_columns="[ttlconns]"collector="example", query="vertica_total_database_connections" 
[36mINFO[0m[2022-09-28T12:43:23-04:00] returned_columns="[node_name totaltrans]"collector="example1", query="vertica_connections_per_node" 
[36mINFO[0m[2022-09-28T12:43:23-04:00] returned_columns="[ttlrows]"collector="example", query="vertica_total_database_rows" 
[36mINFO[0m[2022-09-28T12:43:23-04:00] returned_columns="[down]"collector="example", query="vertica_state_not_up_or_standby" 
[36mINFO[0m[2022-09-28T12:43:23-04:00] returned_columns="[ttldbsz]"collector="example", query="vertica_database_size" 
[36mINFO[0m[2022-09-28T12:43:23-04:00] returned_columns="[node_name total]"collector="example1", query="vertica_query_requests_transactions_count_per_node" 
[36mINFO[0m[2022-09-28T12:43:26-04:00] returned_columns="[node_name avg_cpu_usage_pct avg_mem_usage_pct net_rx_bps net_tx_bps io_read_bps io_write_bps]"collector="example1", query="vertica_system_resources" 
[36mINFO[0m[2022-09-28T12:43:38-04:00] [collector="example1"] Collecting fresh metrics: min_interval=10.000s cache_age=14.985s 
[36mINFO[0m[2022-09-28T12:43:38-04:00] [collector="example"] Collecting fresh metrics: min_interval=10.000s cache_age=14.985s 
[36mINFO[0m[2022-09-28T12:43:38-04:00] returned_columns="[node_name totaltrans]"collector="example1", query="vertica_connections_per_node" 
[36mINFO[0m[2022-09-28T12:43:38-04:00] returned_columns="[ttlrows]"collector="example", query="vertica_total_database_rows" 
[36mINFO[0m[2022-09-28T12:43:38-04:00] returned_columns="[down]"collector="example", query="vertica_state_not_up_or_standby" 
[36mINFO[0m[2022-09-28T12:43:38-04:00] returned_columns="[ttldbsz]"collector="example", query="vertica_database_size" 
[36mINFO[0m[2022-09-28T12:43:38-04:00] returned_columns="[licsz]"collector="example", query="vertica_license_size" 
[36mINFO[0m[2022-09-28T12:43:38-04:00] returned_columns="[ttlconns]"collector="example", query="vertica_total_database_connections" 
[36mINFO[0m[2022-09-28T12:43:38-04:00] returned_columns="[node_name total]"collector="example1", query="vertica_query_requests_transactions_count_per_node" 
[36mINFO[0m[2022-09-28T12:43:41-04:00] returned_columns="[node_name avg_cpu_usage_pct avg_mem_usage_pct net_rx_bps net_tx_bps io_read_bps io_write_bps]"collector="example1", query="vertica_system_resources" 
[36mINFO[0m[2022-09-28T12:45:41-04:00] Listening on :9968                           
[36mINFO[0m[2022-09-28T12:45:53-04:00] [collector="example"] Collecting fresh metrics: min_interval=10.000s cache_age=9223372036.855s 
[36mINFO[0m[2022-09-28T12:45:53-04:00] [collector="example1"] Collecting fresh metrics: min_interval=10.000s cache_age=9223372036.855s 
[36mINFO[0m[2022-09-28T12:45:53-04:00] returned_columns="[ttlconns]"collector="example", query="vertica_total_database_connections" 
[36mINFO[0m[2022-09-28T12:45:53-04:00] returned_columns="[down]"collector="example", query="vertica_state_not_up_or_standby" 
[36mINFO[0m[2022-09-28T12:45:53-04:00] returned_columns="[node_name totaltrans]"collector="example1", query="vertica_connections_per_node" 
[36mINFO[0m[2022-09-28T12:45:53-04:00] returned_columns="[ttldbsz]"collector="example", query="vertica_database_size" 
[36mINFO[0m[2022-09-28T12:45:53-04:00] returned_columns="[ttlrows]"collector="example", query="vertica_total_database_rows" 
[36mINFO[0m[2022-09-28T12:45:53-04:00] returned_columns="[licsz]"collector="example", query="vertica_license_size" 
[36mINFO[0m[2022-09-28T12:45:53-04:00] returned_columns="[node_name total]"collector="example1", query="vertica_query_requests_transactions_count_per_node" 
[36mINFO[0m[2022-09-28T12:45:56-04:00] returned_columns="[node_name avg_cpu_usage_pct avg_mem_usage_pct net_rx_bps net_tx_bps io_read_bps io_write_bps]"collector="example1", query="vertica_system_resources" 
[36mINFO[0m[2022-09-28T12:46:08-04:00] [collector="example1"] Collecting fresh metrics: min_interval=10.000s cache_age=14.975s 
[36mINFO[0m[2022-09-28T12:46:08-04:00] [collector="example"] Collecting fresh metrics: min_interval=10.000s cache_age=14.975s 
[36mINFO[0m[2022-09-28T12:46:08-04:00] returned_columns="[node_name totaltrans]"collector="example1", query="vertica_connections_per_node" 
[36mINFO[0m[2022-09-28T12:46:08-04:00] returned_columns="[ttlrows]"collector="example", query="vertica_total_database_rows" 
[36mINFO[0m[2022-09-28T12:46:08-04:00] returned_columns="[ttldbsz]"collector="example", query="vertica_database_size" 
[36mINFO[0m[2022-09-28T12:46:08-04:00] returned_columns="[down]"collector="example", query="vertica_state_not_up_or_standby" 
[36mINFO[0m[2022-09-28T12:46:08-04:00] returned_columns="[licsz]"collector="example", query="vertica_license_size" 
[36mINFO[0m[2022-09-28T12:46:08-04:00] returned_columns="[ttlconns]"collector="example", query="vertica_total_database_connections" 
[36mINFO[0m[2022-09-28T12:46:08-04:00] returned_columns="[node_name total]"collector="example1", query="vertica_query_requests_transactions_count_per_node" 
[36mINFO[0m[2022-09-28T12:46:11-04:00] returned_columns="[node_name avg_cpu_usage_pct avg_mem_usage_pct net_rx_bps net_tx_bps io_read_bps io_write_bps]"collector="example1", query="vertica_system_resources" 
